[2023-04-04 10:50:18] local.ERROR: Undefined constant "number" (View: C:\Users\ASUS\Desktop\azur\azur-BO\resources\views\AcContract\ac-contract-fr.blade.php) {"exception":"[object] (Illuminate\\View\\ViewException(code: 0): Undefined constant \"number\" (View: C:\\Users\\ASUS\\Desktop\\azur\\azur-BO\\resources\\views\\AcContract\\ac-contract-fr.blade.php) at C:\\Users\\ASUS\\Desktop\\azur\\azur-BO\\public\\storage\\framework\\views\\c5607aec2700ffd119f98b0fee19ff7a.php:46)
[stacktrace]
#0 C:\\Users\\ASUS\\Desktop\\azur\\azur-BO\\vendor\\illuminate\\view\\Engines\\PhpEngine.php(60): Illuminate\\View\\Engines\\CompilerEngine->handleViewException(Object(Error), 1)
#1 C:\\Users\\ASUS\\Desktop\\azur\\azur-BO\\vendor\\illuminate\\view\\Engines\\CompilerEngine.php(70): Illuminate\\View\\Engines\\PhpEngine->evaluatePath('C:\\\\Users\\\\ASUS\\\\D...', Array)
#2 C:\\Users\\ASUS\\Desktop\\azur\\azur-BO\\vendor\\illuminate\\view\\View.php(195): Illuminate\\View\\Engines\\CompilerEngine->get('C:\\\\Users\\\\ASUS\\\\D...', Array)
#3 C:\\Users\\ASUS\\Desktop\\azur\\azur-BO\\vendor\\illuminate\\view\\View.php(178): Illuminate\\View\\View->getContents()
#4 C:\\Users\\ASUS\\Desktop\\azur\\azur-BO\\vendor\\illuminate\\view\\View.php(147): Illuminate\\View\\View->renderContents()
#5 C:\\Users\\ASUS\\Desktop\\azur\\azur-BO\\vendor\\barryvdh\\laravel-dompdf\\src\\PDF.php(125): Illuminate\\View\\View->render()
#6 C:\\Users\\ASUS\\Desktop\\azur\\azur-BO\\vendor\\barryvdh\\laravel-dompdf\\src\\Facade\\Pdf.php(56): Barryvdh\\DomPDF\\PDF->loadView('AcContract/ac-c...', Array)
#7 C:\\Users\\ASUS\\Desktop\\azur\\azur-BO\\app\\Http\\Controllers\\Contract\\acContractController.php(66): Barryvdh\\DomPDF\\Facade\\Pdf::__callStatic('loadView', Array)
#8 C:\\Users\\ASUS\\Desktop\\azur\\azur-BO\\app\\Http\\Controllers\\Contract\\acContractController.php(41): App\\Http\\Controllers\\Contract\\acContractController->generateContractPdf(Object(App\\Models\\acContract), 'fr')
#9 C:\\Users\\ASUS\\Desktop\\azur\\azur-BO\\vendor\\illuminate\\container\\BoundMethod.php(36): App\\Http\\Controllers\\Contract\\acContractController->validateAcContract(Object(Laravel\\Lumen\\Http\\Request), '1')
#10 C:\\Users\\ASUS\\Desktop\\azur\\azur-BO\\vendor\\illuminate\\container\\Util.php(41): Illuminate\\Container\\BoundMethod::Illuminate\\Container\\{closure}()
#11 C:\\Users\\ASUS\\Desktop\\azur\\azur-BO\\vendor\\illuminate\\container\\BoundMethod.php(93): Illuminate\\Container\\Util::unwrapIfClosure(Object(Closure))
#12 C:\\Users\\ASUS\\Desktop\\azur\\azur-BO\\vendor\\illuminate\\container\\BoundMethod.php(37): Illuminate\\Container\\BoundMethod::callBoundMethod(Object(Laravel\\Lumen\\Application), Array, Object(Closure))
#13 C:\\Users\\ASUS\\Desktop\\azur\\azur-BO\\vendor\\illuminate\\container\\Container.php(661): Illuminate\\Container\\BoundMethod::call(Object(Laravel\\Lumen\\Application), Array, Array, NULL)
#14 C:\\Users\\ASUS\\Desktop\\azur\\azur-BO\\vendor\\laravel\\lumen-framework\\src\\Concerns\\RoutesRequests.php(391): Illuminate\\Container\\Container->call(Array, Array)
#15 C:\\Users\\ASUS\\Desktop\\azur\\azur-BO\\vendor\\laravel\\lumen-framework\\src\\Concerns\\RoutesRequests.php(357): Laravel\\Lumen\\Application->callControllerCallable(Array, Array)
#16 C:\\Users\\ASUS\\Desktop\\azur\\azur-BO\\vendor\\laravel\\lumen-framework\\src\\Concerns\\RoutesRequests.php(331): Laravel\\Lumen\\Application->callLumenController(Object(App\\Http\\Controllers\\Contract\\acContractController), 'validateAcContr...', Array)
#17 C:\\Users\\ASUS\\Desktop\\azur\\azur-BO\\vendor\\laravel\\lumen-framework\\src\\Concerns\\RoutesRequests.php(284): Laravel\\Lumen\\Application->callControllerAction(Array)
#18 C:\\Users\\ASUS\\Desktop\\azur\\azur-BO\\vendor\\laravel\\lumen-framework\\src\\Concerns\\RoutesRequests.php(264): Laravel\\Lumen\\Application->callActionOnArrayBasedRoute(Array)
#19 C:\\Users\\ASUS\\Desktop\\azur\\azur-BO\\vendor\\laravel\\lumen-framework\\src\\Routing\\Pipeline.php(48): Laravel\\Lumen\\Application->Laravel\\Lumen\\Concerns\\{closure}(Object(Laravel\\Lumen\\Http\\Request))
#20 C:\\Users\\ASUS\\Desktop\\azur\\azur-BO\\app\\Http\\Middleware\\Authenticate.php(42): Laravel\\Lumen\\Routing\\Pipeline->Laravel\\Lumen\\Routing\\{closure}(Object(Laravel\\Lumen\\Http\\Request))
#21 C:\\Users\\ASUS\\Desktop\\azur\\azur-BO\\vendor\\illuminate\\pipeline\\Pipeline.php(180): App\\Http\\Middleware\\Authenticate->handle(Object(Laravel\\Lumen\\Http\\Request), Object(Closure))
#22 C:\\Users\\ASUS\\Desktop\\azur\\azur-BO\\vendor\\laravel\\lumen-framework\\src\\Routing\\Pipeline.php(30): Illuminate\\Pipeline\\Pipeline->Illuminate\\Pipeline\\{closure}(Object(Laravel\\Lumen\\Http\\Request))
#23 C:\\Users\\ASUS\\Desktop\\azur\\azur-BO\\vendor\\illuminate\\pipeline\\Pipeline.php(116): Laravel\\Lumen\\Routing\\Pipeline->Laravel\\Lumen\\Routing\\{closure}(Object(Laravel\\Lumen\\Http\\Request))
#24 C:\\Users\\ASUS\\Desktop\\azur\\azur-BO\\vendor\\laravel\\lumen-framework\\src\\Concerns\\RoutesRequests.php(428): Illuminate\\Pipeline\\Pipeline->then(Object(Closure))
#25 C:\\Users\\ASUS\\Desktop\\azur\\azur-BO\\vendor\\laravel\\lumen-framework\\src\\Concerns\\RoutesRequests.php(265): Laravel\\Lumen\\Application->sendThroughPipeline(Array, Object(Closure))
#26 C:\\Users\\ASUS\\Desktop\\azur\\azur-BO\\vendor\\laravel\\lumen-framework\\src\\Concerns\\RoutesRequests.php(239): Laravel\\Lumen\\Application->handleFoundRoute(Array)
#27 C:\\Users\\ASUS\\Desktop\\azur\\azur-BO\\vendor\\laravel\\lumen-framework\\src\\Concerns\\RoutesRequests.php(175): Laravel\\Lumen\\Application->handleDispatcherResponse(Array)
#28 C:\\Users\\ASUS\\Desktop\\azur\\azur-BO\\vendor\\laravel\\lumen-framework\\src\\Routing\\Pipeline.php(48): Laravel\\Lumen\\Application->Laravel\\Lumen\\Concerns\\{closure}(Object(Laravel\\Lumen\\Http\\Request))
#29 C:\\Users\\ASUS\\Desktop\\azur\\azur-BO\\app\\Http\\Middleware\\CROS.php(31): Laravel\\Lumen\\Routing\\Pipeline->Laravel\\Lumen\\Routing\\{closure}(Object(Laravel\\Lumen\\Http\\Request))
#30 C:\\Users\\ASUS\\Desktop\\azur\\azur-BO\\vendor\\illuminate\\pipeline\\Pipeline.php(180): App\\Http\\Middleware\\CROS->handle(Object(Laravel\\Lumen\\Http\\Request), Object(Closure))
#31 C:\\Users\\ASUS\\Desktop\\azur\\azur-BO\\vendor\\laravel\\lumen-framework\\src\\Routing\\Pipeline.php(30): Illuminate\\Pipeline\\Pipeline->Illuminate\\Pipeline\\{closure}(Object(Laravel\\Lumen\\Http\\Request))
#32 C:\\Users\\ASUS\\Desktop\\azur\\azur-BO\\app\\Http\\Middleware\\ExampleMiddleware.php(18): Laravel\\Lumen\\Routing\\Pipeline->Laravel\\Lumen\\Routing\\{closure}(Object(Laravel\\Lumen\\Http\\Request))
#33 C:\\Users\\ASUS\\Desktop\\azur\\azur-BO\\vendor\\illuminate\\pipeline\\Pipeline.php(180): App\\Http\\Middleware\\ExampleMiddleware->handle(Object(Laravel\\Lumen\\Http\\Request), Object(Closure))
#34 C:\\Users\\ASUS\\Desktop\\azur\\azur-BO\\vendor\\laravel\\lumen-framework\\src\\Routing\\Pipeline.php(30): Illuminate\\Pipeline\\Pipeline->Illuminate\\Pipeline\\{closure}(Object(Laravel\\Lumen\\Http\\Request))
#35 C:\\Users\\ASUS\\Desktop\\azur\\azur-BO\\vendor\\illuminate\\pipeline\\Pipeline.php(116): Laravel\\Lumen\\Routing\\Pipeline->Laravel\\Lumen\\Routing\\{closure}(Object(Laravel\\Lumen\\Http\\Request))
#36 C:\\Users\\ASUS\\Desktop\\azur\\azur-BO\\vendor\\laravel\\lumen-framework\\src\\Concerns\\RoutesRequests.php(428): Illuminate\\Pipeline\\Pipeline->then(Object(Closure))
#37 C:\\Users\\ASUS\\Desktop\\azur\\azur-BO\\vendor\\laravel\\lumen-framework\\src\\Concerns\\RoutesRequests.php(177): Laravel\\Lumen\\Application->sendThroughPipeline(Array, Object(Closure))
#38 C:\\Users\\ASUS\\Desktop\\azur\\azur-BO\\vendor\\laravel\\lumen-framework\\src\\Concerns\\RoutesRequests.php(112): Laravel\\Lumen\\Application->dispatch(NULL)
#39 C:\\Users\\ASUS\\Desktop\\azur\\azur-BO\\public\\index.php(28): Laravel\\Lumen\\Application->run()
#40 {main}

[previous exception] [object] (Error(code: 0): Undefined constant \"number\" at C:\\Users\\ASUS\\Desktop\\azur\\azur-BO\\public\\storage\\framework\\views\\c5607aec2700ffd119f98b0fee19ff7a.php:46)
[stacktrace]
#0 C:\\Users\\ASUS\\Desktop\\azur\\azur-BO\\vendor\\illuminate\\filesystem\\Filesystem.php(124): require()
#1 C:\\Users\\ASUS\\Desktop\\azur\\azur-BO\\vendor\\illuminate\\filesystem\\Filesystem.php(125): Illuminate\\Filesystem\\Filesystem::Illuminate\\Filesystem\\{closure}()
#2 C:\\Users\\ASUS\\Desktop\\azur\\azur-BO\\vendor\\illuminate\\view\\Engines\\PhpEngine.php(58): Illuminate\\Filesystem\\Filesystem->getRequire('C:\\\\Users\\\\ASUS\\\\D...', Array)
#3 C:\\Users\\ASUS\\Desktop\\azur\\azur-BO\\vendor\\illuminate\\view\\Engines\\CompilerEngine.php(70): Illuminate\\View\\Engines\\PhpEngine->evaluatePath('C:\\\\Users\\\\ASUS\\\\D...', Array)
#4 C:\\Users\\ASUS\\Desktop\\azur\\azur-BO\\vendor\\illuminate\\view\\View.php(195): Illuminate\\View\\Engines\\CompilerEngine->get('C:\\\\Users\\\\ASUS\\\\D...', Array)
#5 C:\\Users\\ASUS\\Desktop\\azur\\azur-BO\\vendor\\illuminate\\view\\View.php(178): Illuminate\\View\\View->getContents()
#6 C:\\Users\\ASUS\\Desktop\\azur\\azur-BO\\vendor\\illuminate\\view\\View.php(147): Illuminate\\View\\View->renderContents()
#7 C:\\Users\\ASUS\\Desktop\\azur\\azur-BO\\vendor\\barryvdh\\laravel-dompdf\\src\\PDF.php(125): Illuminate\\View\\View->render()
#8 C:\\Users\\ASUS\\Desktop\\azur\\azur-BO\\vendor\\barryvdh\\laravel-dompdf\\src\\Facade\\Pdf.php(56): Barryvdh\\DomPDF\\PDF->loadView('AcContract/ac-c...', Array)
#9 C:\\Users\\ASUS\\Desktop\\azur\\azur-BO\\app\\Http\\Controllers\\Contract\\acContractController.php(66): Barryvdh\\DomPDF\\Facade\\Pdf::__callStatic('loadView', Array)
#10 C:\\Users\\ASUS\\Desktop\\azur\\azur-BO\\app\\Http\\Controllers\\Contract\\acContractController.php(41): App\\Http\\Controllers\\Contract\\acContractController->generateContractPdf(Object(App\\Models\\acContract), 'fr')
#11 C:\\Users\\ASUS\\Desktop\\azur\\azur-BO\\vendor\\illuminate\\container\\BoundMethod.php(36): App\\Http\\Controllers\\Contract\\acContractController->validateAcContract(Object(Laravel\\Lumen\\Http\\Request), '1')
#12 C:\\Users\\ASUS\\Desktop\\azur\\azur-BO\\vendor\\illuminate\\container\\Util.php(41): Illuminate\\Container\\BoundMethod::Illuminate\\Container\\{closure}()
#13 C:\\Users\\ASUS\\Desktop\\azur\\azur-BO\\vendor\\illuminate\\container\\BoundMethod.php(93): Illuminate\\Container\\Util::unwrapIfClosure(Object(Closure))
#14 C:\\Users\\ASUS\\Desktop\\azur\\azur-BO\\vendor\\illuminate\\container\\BoundMethod.php(37): Illuminate\\Container\\BoundMethod::callBoundMethod(Object(Laravel\\Lumen\\Application), Array, Object(Closure))
#15 C:\\Users\\ASUS\\Desktop\\azur\\azur-BO\\vendor\\illuminate\\container\\Container.php(661): Illuminate\\Container\\BoundMethod::call(Object(Laravel\\Lumen\\Application), Array, Array, NULL)
#16 C:\\Users\\ASUS\\Desktop\\azur\\azur-BO\\vendor\\laravel\\lumen-framework\\src\\Concerns\\RoutesRequests.php(391): Illuminate\\Container\\Container->call(Array, Array)
#17 C:\\Users\\ASUS\\Desktop\\azur\\azur-BO\\vendor\\laravel\\lumen-framework\\src\\Concerns\\RoutesRequests.php(357): Laravel\\Lumen\\Application->callControllerCallable(Array, Array)
#18 C:\\Users\\ASUS\\Desktop\\azur\\azur-BO\\vendor\\laravel\\lumen-framework\\src\\Concerns\\RoutesRequests.php(331): Laravel\\Lumen\\Application->callLumenController(Object(App\\Http\\Controllers\\Contract\\acContractController), 'validateAcContr...', Array)
#19 C:\\Users\\ASUS\\Desktop\\azur\\azur-BO\\vendor\\laravel\\lumen-framework\\src\\Concerns\\RoutesRequests.php(284): Laravel\\Lumen\\Application->callControllerAction(Array)
#20 C:\\Users\\ASUS\\Desktop\\azur\\azur-BO\\vendor\\laravel\\lumen-framework\\src\\Concerns\\RoutesRequests.php(264): Laravel\\Lumen\\Application->callActionOnArrayBasedRoute(Array)
#21 C:\\Users\\ASUS\\Desktop\\azur\\azur-BO\\vendor\\laravel\\lumen-framework\\src\\Routing\\Pipeline.php(48): Laravel\\Lumen\\Application->Laravel\\Lumen\\Concerns\\{closure}(Object(Laravel\\Lumen\\Http\\Request))
#22 C:\\Users\\ASUS\\Desktop\\azur\\azur-BO\\app\\Http\\Middleware\\Authenticate.php(42): Laravel\\Lumen\\Routing\\Pipeline->Laravel\\Lumen\\Routing\\{closure}(Object(Laravel\\Lumen\\Http\\Request))
#23 C:\\Users\\ASUS\\Desktop\\azur\\azur-BO\\vendor\\illuminate\\pipeline\\Pipeline.php(180): App\\Http\\Middleware\\Authenticate->handle(Object(Laravel\\Lumen\\Http\\Request), Object(Closure))
#24 C:\\Users\\ASUS\\Desktop\\azur\\azur-BO\\vendor\\laravel\\lumen-framework\\src\\Routing\\Pipeline.php(30): Illuminate\\Pipeline\\Pipeline->Illuminate\\Pipeline\\{closure}(Object(Laravel\\Lumen\\Http\\Request))
#25 C:\\Users\\ASUS\\Desktop\\azur\\azur-BO\\vendor\\illuminate\\pipeline\\Pipeline.php(116): Laravel\\Lumen\\Routing\\Pipeline->Laravel\\Lumen\\Routing\\{closure}(Object(Laravel\\Lumen\\Http\\Request))
#26 C:\\Users\\ASUS\\Desktop\\azur\\azur-BO\\vendor\\laravel\\lumen-framework\\src\\Concerns\\RoutesRequests.php(428): Illuminate\\Pipeline\\Pipeline->then(Object(Closure))
#27 C:\\Users\\ASUS\\Desktop\\azur\\azur-BO\\vendor\\laravel\\lumen-framework\\src\\Concerns\\RoutesRequests.php(265): Laravel\\Lumen\\Application->sendThroughPipeline(Array, Object(Closure))
#28 C:\\Users\\ASUS\\Desktop\\azur\\azur-BO\\vendor\\laravel\\lumen-framework\\src\\Concerns\\RoutesRequests.php(239): Laravel\\Lumen\\Application->handleFoundRoute(Array)
#29 C:\\Users\\ASUS\\Desktop\\azur\\azur-BO\\vendor\\laravel\\lumen-framework\\src\\Concerns\\RoutesRequests.php(175): Laravel\\Lumen\\Application->handleDispatcherResponse(Array)
#30 C:\\Users\\ASUS\\Desktop\\azur\\azur-BO\\vendor\\laravel\\lumen-framework\\src\\Routing\\Pipeline.php(48): Laravel\\Lumen\\Application->Laravel\\Lumen\\Concerns\\{closure}(Object(Laravel\\Lumen\\Http\\Request))
#31 C:\\Users\\ASUS\\Desktop\\azur\\azur-BO\\app\\Http\\Middleware\\CROS.php(31): Laravel\\Lumen\\Routing\\Pipeline->Laravel\\Lumen\\Routing\\{closure}(Object(Laravel\\Lumen\\Http\\Request))
#32 C:\\Users\\ASUS\\Desktop\\azur\\azur-BO\\vendor\\illuminate\\pipeline\\Pipeline.php(180): App\\Http\\Middleware\\CROS->handle(Object(Laravel\\Lumen\\Http\\Request), Object(Closure))
#33 C:\\Users\\ASUS\\Desktop\\azur\\azur-BO\\vendor\\laravel\\lumen-framework\\src\\Routing\\Pipeline.php(30): Illuminate\\Pipeline\\Pipeline->Illuminate\\Pipeline\\{closure}(Object(Laravel\\Lumen\\Http\\Request))
#34 C:\\Users\\ASUS\\Desktop\\azur\\azur-BO\\app\\Http\\Middleware\\ExampleMiddleware.php(18): Laravel\\Lumen\\Routing\\Pipeline->Laravel\\Lumen\\Routing\\{closure}(Object(Laravel\\Lumen\\Http\\Request))
#35 C:\\Users\\ASUS\\Desktop\\azur\\azur-BO\\vendor\\illuminate\\pipeline\\Pipeline.php(180): App\\Http\\Middleware\\ExampleMiddleware->handle(Object(Laravel\\Lumen\\Http\\Request), Object(Closure))
#36 C:\\Users\\ASUS\\Desktop\\azur\\azur-BO\\vendor\\laravel\\lumen-framework\\src\\Routing\\Pipeline.php(30): Illuminate\\Pipeline\\Pipeline->Illuminate\\Pipeline\\{closure}(Object(Laravel\\Lumen\\Http\\Request))
#37 C:\\Users\\ASUS\\Desktop\\azur\\azur-BO\\vendor\\illuminate\\pipeline\\Pipeline.php(116): Laravel\\Lumen\\Routing\\Pipeline->Laravel\\Lumen\\Routing\\{closure}(Object(Laravel\\Lumen\\Http\\Request))
#38 C:\\Users\\ASUS\\Desktop\\azur\\azur-BO\\vendor\\laravel\\lumen-framework\\src\\Concerns\\RoutesRequests.php(428): Illuminate\\Pipeline\\Pipeline->then(Object(Closure))
#39 C:\\Users\\ASUS\\Desktop\\azur\\azur-BO\\vendor\\laravel\\lumen-framework\\src\\Concerns\\RoutesRequests.php(177): Laravel\\Lumen\\Application->sendThroughPipeline(Array, Object(Closure))
#40 C:\\Users\\ASUS\\Desktop\\azur\\azur-BO\\vendor\\laravel\\lumen-framework\\src\\Concerns\\RoutesRequests.php(112): Laravel\\Lumen\\Application->dispatch(NULL)
#41 C:\\Users\\ASUS\\Desktop\\azur\\azur-BO\\public\\index.php(28): Laravel\\Lumen\\Application->run()
#42 {main}
"} 
[2023-04-04 10:53:16] local.ERROR: file_put_contents(/storage/app/ac-contract/ac-contract-12.pdf): Failed to open stream: No such file or directory {"exception":"[object] (ErrorException(code: 0): file_put_contents(/storage/app/ac-contract/ac-contract-12.pdf): Failed to open stream: No such file or directory at C:\\Users\\ASUS\\Desktop\\azur\\azur-BO\\vendor\\illuminate\\filesystem\\Filesystem.php:205)
[stacktrace]
#0 C:\\Users\\ASUS\\Desktop\\azur\\azur-BO\\vendor\\laravel\\lumen-framework\\src\\Concerns\\RegistersExceptionHandlers.php(47): Laravel\\Lumen\\Application->handleError(2, 'file_put_conten...', 'C:\\\\Users\\\\ASUS\\\\D...', 205)
#1 [internal function]: Laravel\\Lumen\\Application->Laravel\\Lumen\\Concerns\\{closure}(2, 'file_put_conten...', 'C:\\\\Users\\\\ASUS\\\\D...', 205)
#2 C:\\Users\\ASUS\\Desktop\\azur\\azur-BO\\vendor\\illuminate\\filesystem\\Filesystem.php(205): file_put_contents('/storage/app/ac...', '%PDF-1.7\\n1 0 ob...', 0)
#3 C:\\Users\\ASUS\\Desktop\\azur\\azur-BO\\vendor\\barryvdh\\laravel-dompdf\\src\\PDF.php(187): Illuminate\\Filesystem\\Filesystem->put('/storage/app/ac...', '%PDF-1.7\\n1 0 ob...')
#4 C:\\Users\\ASUS\\Desktop\\azur\\azur-BO\\app\\Http\\Controllers\\Contract\\acContractController.php(67): Barryvdh\\DomPDF\\PDF->save('/storage/app/ac...')
#5 C:\\Users\\ASUS\\Desktop\\azur\\azur-BO\\app\\Http\\Controllers\\Contract\\acContractController.php(41): App\\Http\\Controllers\\Contract\\acContractController->generateContractPdf(Object(App\\Models\\acContract), 'fr')
#6 C:\\Users\\ASUS\\Desktop\\azur\\azur-BO\\vendor\\illuminate\\container\\BoundMethod.php(36): App\\Http\\Controllers\\Contract\\acContractController->validateAcContract(Object(Laravel\\Lumen\\Http\\Request), '1')
#7 C:\\Users\\ASUS\\Desktop\\azur\\azur-BO\\vendor\\illuminate\\container\\Util.php(41): Illuminate\\Container\\BoundMethod::Illuminate\\Container\\{closure}()
#8 C:\\Users\\ASUS\\Desktop\\azur\\azur-BO\\vendor\\illuminate\\container\\BoundMethod.php(93): Illuminate\\Container\\Util::unwrapIfClosure(Object(Closure))
#9 C:\\Users\\ASUS\\Desktop\\azur\\azur-BO\\vendor\\illuminate\\container\\BoundMethod.php(37): Illuminate\\Container\\BoundMethod::callBoundMethod(Object(Laravel\\Lumen\\Application), Array, Object(Closure))
#10 C:\\Users\\ASUS\\Desktop\\azur\\azur-BO\\vendor\\illuminate\\container\\Container.php(661): Illuminate\\Container\\BoundMethod::call(Object(Laravel\\Lumen\\Application), Array, Array, NULL)
#11 C:\\Users\\ASUS\\Desktop\\azur\\azur-BO\\vendor\\laravel\\lumen-framework\\src\\Concerns\\RoutesRequests.php(391): Illuminate\\Container\\Container->call(Array, Array)
#12 C:\\Users\\ASUS\\Desktop\\azur\\azur-BO\\vendor\\laravel\\lumen-framework\\src\\Concerns\\RoutesRequests.php(357): Laravel\\Lumen\\Application->callControllerCallable(Array, Array)
#13 C:\\Users\\ASUS\\Desktop\\azur\\azur-BO\\vendor\\laravel\\lumen-framework\\src\\Concerns\\RoutesRequests.php(331): Laravel\\Lumen\\Application->callLumenController(Object(App\\Http\\Controllers\\Contract\\acContractController), 'validateAcContr...', Array)
#14 C:\\Users\\ASUS\\Desktop\\azur\\azur-BO\\vendor\\laravel\\lumen-framework\\src\\Concerns\\RoutesRequests.php(284): Laravel\\Lumen\\Application->callControllerAction(Array)
#15 C:\\Users\\ASUS\\Desktop\\azur\\azur-BO\\vendor\\laravel\\lumen-framework\\src\\Concerns\\RoutesRequests.php(264): Laravel\\Lumen\\Application->callActionOnArrayBasedRoute(Array)
#16 C:\\Users\\ASUS\\Desktop\\azur\\azur-BO\\vendor\\laravel\\lumen-framework\\src\\Routing\\Pipeline.php(48): Laravel\\Lumen\\Application->Laravel\\Lumen\\Concerns\\{closure}(Object(Laravel\\Lumen\\Http\\Request))
#17 C:\\Users\\ASUS\\Desktop\\azur\\azur-BO\\app\\Http\\Middleware\\Authenticate.php(42): Laravel\\Lumen\\Routing\\Pipeline->Laravel\\Lumen\\Routing\\{closure}(Object(Laravel\\Lumen\\Http\\Request))
#18 C:\\Users\\ASUS\\Desktop\\azur\\azur-BO\\vendor\\illuminate\\pipeline\\Pipeline.php(180): App\\Http\\Middleware\\Authenticate->handle(Object(Laravel\\Lumen\\Http\\Request), Object(Closure))
#19 C:\\Users\\ASUS\\Desktop\\azur\\azur-BO\\vendor\\laravel\\lumen-framework\\src\\Routing\\Pipeline.php(30): Illuminate\\Pipeline\\Pipeline->Illuminate\\Pipeline\\{closure}(Object(Laravel\\Lumen\\Http\\Request))
#20 C:\\Users\\ASUS\\Desktop\\azur\\azur-BO\\vendor\\illuminate\\pipeline\\Pipeline.php(116): Laravel\\Lumen\\Routing\\Pipeline->Laravel\\Lumen\\Routing\\{closure}(Object(Laravel\\Lumen\\Http\\Request))
#21 C:\\Users\\ASUS\\Desktop\\azur\\azur-BO\\vendor\\laravel\\lumen-framework\\src\\Concerns\\RoutesRequests.php(428): Illuminate\\Pipeline\\Pipeline->then(Object(Closure))
#22 C:\\Users\\ASUS\\Desktop\\azur\\azur-BO\\vendor\\laravel\\lumen-framework\\src\\Concerns\\RoutesRequests.php(265): Laravel\\Lumen\\Application->sendThroughPipeline(Array, Object(Closure))
#23 C:\\Users\\ASUS\\Desktop\\azur\\azur-BO\\vendor\\laravel\\lumen-framework\\src\\Concerns\\RoutesRequests.php(239): Laravel\\Lumen\\Application->handleFoundRoute(Array)
#24 C:\\Users\\ASUS\\Desktop\\azur\\azur-BO\\vendor\\laravel\\lumen-framework\\src\\Concerns\\RoutesRequests.php(175): Laravel\\Lumen\\Application->handleDispatcherResponse(Array)
#25 C:\\Users\\ASUS\\Desktop\\azur\\azur-BO\\vendor\\laravel\\lumen-framework\\src\\Routing\\Pipeline.php(48): Laravel\\Lumen\\Application->Laravel\\Lumen\\Concerns\\{closure}(Object(Laravel\\Lumen\\Http\\Request))
#26 C:\\Users\\ASUS\\Desktop\\azur\\azur-BO\\app\\Http\\Middleware\\CROS.php(31): Laravel\\Lumen\\Routing\\Pipeline->Laravel\\Lumen\\Routing\\{closure}(Object(Laravel\\Lumen\\Http\\Request))
#27 C:\\Users\\ASUS\\Desktop\\azur\\azur-BO\\vendor\\illuminate\\pipeline\\Pipeline.php(180): App\\Http\\Middleware\\CROS->handle(Object(Laravel\\Lumen\\Http\\Request), Object(Closure))
#28 C:\\Users\\ASUS\\Desktop\\azur\\azur-BO\\vendor\\laravel\\lumen-framework\\src\\Routing\\Pipeline.php(30): Illuminate\\Pipeline\\Pipeline->Illuminate\\Pipeline\\{closure}(Object(Laravel\\Lumen\\Http\\Request))
#29 C:\\Users\\ASUS\\Desktop\\azur\\azur-BO\\app\\Http\\Middleware\\ExampleMiddleware.php(18): Laravel\\Lumen\\Routing\\Pipeline->Laravel\\Lumen\\Routing\\{closure}(Object(Laravel\\Lumen\\Http\\Request))
#30 C:\\Users\\ASUS\\Desktop\\azur\\azur-BO\\vendor\\illuminate\\pipeline\\Pipeline.php(180): App\\Http\\Middleware\\ExampleMiddleware->handle(Object(Laravel\\Lumen\\Http\\Request), Object(Closure))
#31 C:\\Users\\ASUS\\Desktop\\azur\\azur-BO\\vendor\\laravel\\lumen-framework\\src\\Routing\\Pipeline.php(30): Illuminate\\Pipeline\\Pipeline->Illuminate\\Pipeline\\{closure}(Object(Laravel\\Lumen\\Http\\Request))
#32 C:\\Users\\ASUS\\Desktop\\azur\\azur-BO\\vendor\\illuminate\\pipeline\\Pipeline.php(116): Laravel\\Lumen\\Routing\\Pipeline->Laravel\\Lumen\\Routing\\{closure}(Object(Laravel\\Lumen\\Http\\Request))
#33 C:\\Users\\ASUS\\Desktop\\azur\\azur-BO\\vendor\\laravel\\lumen-framework\\src\\Concerns\\RoutesRequests.php(428): Illuminate\\Pipeline\\Pipeline->then(Object(Closure))
#34 C:\\Users\\ASUS\\Desktop\\azur\\azur-BO\\vendor\\laravel\\lumen-framework\\src\\Concerns\\RoutesRequests.php(177): Laravel\\Lumen\\Application->sendThroughPipeline(Array, Object(Closure))
#35 C:\\Users\\ASUS\\Desktop\\azur\\azur-BO\\vendor\\laravel\\lumen-framework\\src\\Concerns\\RoutesRequests.php(112): Laravel\\Lumen\\Application->dispatch(NULL)
#36 C:\\Users\\ASUS\\Desktop\\azur\\azur-BO\\public\\index.php(28): Laravel\\Lumen\\Application->run()
#37 {main}
"} 
[2023-04-04 10:53:39] local.ERROR: file_put_contents(/storage/app/ac-contract/ac-contract-12.pdf): Failed to open stream: No such file or directory {"exception":"[object] (ErrorException(code: 0): file_put_contents(/storage/app/ac-contract/ac-contract-12.pdf): Failed to open stream: No such file or directory at C:\\Users\\ASUS\\Desktop\\azur\\azur-BO\\vendor\\illuminate\\filesystem\\Filesystem.php:205)
[stacktrace]
#0 C:\\Users\\ASUS\\Desktop\\azur\\azur-BO\\vendor\\laravel\\lumen-framework\\src\\Concerns\\RegistersExceptionHandlers.php(47): Laravel\\Lumen\\Application->handleError(2, 'file_put_conten...', 'C:\\\\Users\\\\ASUS\\\\D...', 205)
#1 [internal function]: Laravel\\Lumen\\Application->Laravel\\Lumen\\Concerns\\{closure}(2, 'file_put_conten...', 'C:\\\\Users\\\\ASUS\\\\D...', 205)
#2 C:\\Users\\ASUS\\Desktop\\azur\\azur-BO\\vendor\\illuminate\\filesystem\\Filesystem.php(205): file_put_contents('/storage/app/ac...', '%PDF-1.7\\n1 0 ob...', 0)
#3 C:\\Users\\ASUS\\Desktop\\azur\\azur-BO\\vendor\\barryvdh\\laravel-dompdf\\src\\PDF.php(187): Illuminate\\Filesystem\\Filesystem->put('/storage/app/ac...', '%PDF-1.7\\n1 0 ob...')
#4 C:\\Users\\ASUS\\Desktop\\azur\\azur-BO\\app\\Http\\Controllers\\Contract\\acContractController.php(67): Barryvdh\\DomPDF\\PDF->save('/storage/app/ac...')
#5 C:\\Users\\ASUS\\Desktop\\azur\\azur-BO\\app\\Http\\Controllers\\Contract\\acContractController.php(41): App\\Http\\Controllers\\Contract\\acContractController->generateContractPdf(Object(App\\Models\\acContract), 'fr')
#6 C:\\Users\\ASUS\\Desktop\\azur\\azur-BO\\vendor\\illuminate\\container\\BoundMethod.php(36): App\\Http\\Controllers\\Contract\\acContractController->validateAcContract(Object(Laravel\\Lumen\\Http\\Request), '1')
#7 C:\\Users\\ASUS\\Desktop\\azur\\azur-BO\\vendor\\illuminate\\container\\Util.php(41): Illuminate\\Container\\BoundMethod::Illuminate\\Container\\{closure}()
#8 C:\\Users\\ASUS\\Desktop\\azur\\azur-BO\\vendor\\illuminate\\container\\BoundMethod.php(93): Illuminate\\Container\\Util::unwrapIfClosure(Object(Closure))
#9 C:\\Users\\ASUS\\Desktop\\azur\\azur-BO\\vendor\\illuminate\\container\\BoundMethod.php(37): Illuminate\\Container\\BoundMethod::callBoundMethod(Object(Laravel\\Lumen\\Application), Array, Object(Closure))
#10 C:\\Users\\ASUS\\Desktop\\azur\\azur-BO\\vendor\\illuminate\\container\\Container.php(661): Illuminate\\Container\\BoundMethod::call(Object(Laravel\\Lumen\\Application), Array, Array, NULL)
#11 C:\\Users\\ASUS\\Desktop\\azur\\azur-BO\\vendor\\laravel\\lumen-framework\\src\\Concerns\\RoutesRequests.php(391): Illuminate\\Container\\Container->call(Array, Array)
#12 C:\\Users\\ASUS\\Desktop\\azur\\azur-BO\\vendor\\laravel\\lumen-framework\\src\\Concerns\\RoutesRequests.php(357): Laravel\\Lumen\\Application->callControllerCallable(Array, Array)
#13 C:\\Users\\ASUS\\Desktop\\azur\\azur-BO\\vendor\\laravel\\lumen-framework\\src\\Concerns\\RoutesRequests.php(331): Laravel\\Lumen\\Application->callLumenController(Object(App\\Http\\Controllers\\Contract\\acContractController), 'validateAcContr...', Array)
#14 C:\\Users\\ASUS\\Desktop\\azur\\azur-BO\\vendor\\laravel\\lumen-framework\\src\\Concerns\\RoutesRequests.php(284): Laravel\\Lumen\\Application->callControllerAction(Array)
#15 C:\\Users\\ASUS\\Desktop\\azur\\azur-BO\\vendor\\laravel\\lumen-framework\\src\\Concerns\\RoutesRequests.php(264): Laravel\\Lumen\\Application->callActionOnArrayBasedRoute(Array)
#16 C:\\Users\\ASUS\\Desktop\\azur\\azur-BO\\vendor\\laravel\\lumen-framework\\src\\Routing\\Pipeline.php(48): Laravel\\Lumen\\Application->Laravel\\Lumen\\Concerns\\{closure}(Object(Laravel\\Lumen\\Http\\Request))
#17 C:\\Users\\ASUS\\Desktop\\azur\\azur-BO\\app\\Http\\Middleware\\Authenticate.php(42): Laravel\\Lumen\\Routing\\Pipeline->Laravel\\Lumen\\Routing\\{closure}(Object(Laravel\\Lumen\\Http\\Request))
#18 C:\\Users\\ASUS\\Desktop\\azur\\azur-BO\\vendor\\illuminate\\pipeline\\Pipeline.php(180): App\\Http\\Middleware\\Authenticate->handle(Object(Laravel\\Lumen\\Http\\Request), Object(Closure))
#19 C:\\Users\\ASUS\\Desktop\\azur\\azur-BO\\vendor\\laravel\\lumen-framework\\src\\Routing\\Pipeline.php(30): Illuminate\\Pipeline\\Pipeline->Illuminate\\Pipeline\\{closure}(Object(Laravel\\Lumen\\Http\\Request))
#20 C:\\Users\\ASUS\\Desktop\\azur\\azur-BO\\vendor\\illuminate\\pipeline\\Pipeline.php(116): Laravel\\Lumen\\Routing\\Pipeline->Laravel\\Lumen\\Routing\\{closure}(Object(Laravel\\Lumen\\Http\\Request))
#21 C:\\Users\\ASUS\\Desktop\\azur\\azur-BO\\vendor\\laravel\\lumen-framework\\src\\Concerns\\RoutesRequests.php(428): Illuminate\\Pipeline\\Pipeline->then(Object(Closure))
#22 C:\\Users\\ASUS\\Desktop\\azur\\azur-BO\\vendor\\laravel\\lumen-framework\\src\\Concerns\\RoutesRequests.php(265): Laravel\\Lumen\\Application->sendThroughPipeline(Array, Object(Closure))
#23 C:\\Users\\ASUS\\Desktop\\azur\\azur-BO\\vendor\\laravel\\lumen-framework\\src\\Concerns\\RoutesRequests.php(239): Laravel\\Lumen\\Application->handleFoundRoute(Array)
#24 C:\\Users\\ASUS\\Desktop\\azur\\azur-BO\\vendor\\laravel\\lumen-framework\\src\\Concerns\\RoutesRequests.php(175): Laravel\\Lumen\\Application->handleDispatcherResponse(Array)
#25 C:\\Users\\ASUS\\Desktop\\azur\\azur-BO\\vendor\\laravel\\lumen-framework\\src\\Routing\\Pipeline.php(48): Laravel\\Lumen\\Application->Laravel\\Lumen\\Concerns\\{closure}(Object(Laravel\\Lumen\\Http\\Request))
#26 C:\\Users\\ASUS\\Desktop\\azur\\azur-BO\\app\\Http\\Middleware\\CROS.php(31): Laravel\\Lumen\\Routing\\Pipeline->Laravel\\Lumen\\Routing\\{closure}(Object(Laravel\\Lumen\\Http\\Request))
#27 C:\\Users\\ASUS\\Desktop\\azur\\azur-BO\\vendor\\illuminate\\pipeline\\Pipeline.php(180): App\\Http\\Middleware\\CROS->handle(Object(Laravel\\Lumen\\Http\\Request), Object(Closure))
#28 C:\\Users\\ASUS\\Desktop\\azur\\azur-BO\\vendor\\laravel\\lumen-framework\\src\\Routing\\Pipeline.php(30): Illuminate\\Pipeline\\Pipeline->Illuminate\\Pipeline\\{closure}(Object(Laravel\\Lumen\\Http\\Request))
#29 C:\\Users\\ASUS\\Desktop\\azur\\azur-BO\\app\\Http\\Middleware\\ExampleMiddleware.php(18): Laravel\\Lumen\\Routing\\Pipeline->Laravel\\Lumen\\Routing\\{closure}(Object(Laravel\\Lumen\\Http\\Request))
#30 C:\\Users\\ASUS\\Desktop\\azur\\azur-BO\\vendor\\illuminate\\pipeline\\Pipeline.php(180): App\\Http\\Middleware\\ExampleMiddleware->handle(Object(Laravel\\Lumen\\Http\\Request), Object(Closure))
#31 C:\\Users\\ASUS\\Desktop\\azur\\azur-BO\\vendor\\laravel\\lumen-framework\\src\\Routing\\Pipeline.php(30): Illuminate\\Pipeline\\Pipeline->Illuminate\\Pipeline\\{closure}(Object(Laravel\\Lumen\\Http\\Request))
#32 C:\\Users\\ASUS\\Desktop\\azur\\azur-BO\\vendor\\illuminate\\pipeline\\Pipeline.php(116): Laravel\\Lumen\\Routing\\Pipeline->Laravel\\Lumen\\Routing\\{closure}(Object(Laravel\\Lumen\\Http\\Request))
#33 C:\\Users\\ASUS\\Desktop\\azur\\azur-BO\\vendor\\laravel\\lumen-framework\\src\\Concerns\\RoutesRequests.php(428): Illuminate\\Pipeline\\Pipeline->then(Object(Closure))
#34 C:\\Users\\ASUS\\Desktop\\azur\\azur-BO\\vendor\\laravel\\lumen-framework\\src\\Concerns\\RoutesRequests.php(177): Laravel\\Lumen\\Application->sendThroughPipeline(Array, Object(Closure))
#35 C:\\Users\\ASUS\\Desktop\\azur\\azur-BO\\vendor\\laravel\\lumen-framework\\src\\Concerns\\RoutesRequests.php(112): Laravel\\Lumen\\Application->dispatch(NULL)
#36 C:\\Users\\ASUS\\Desktop\\azur\\azur-BO\\public\\index.php(28): Laravel\\Lumen\\Application->run()
#37 {main}
"} 
[2023-04-04 11:07:00] local.ERROR: file_put_contents(/storage/app/ac-contract/ac-contract-12.pdf): Failed to open stream: No such file or directory {"exception":"[object] (ErrorException(code: 0): file_put_contents(/storage/app/ac-contract/ac-contract-12.pdf): Failed to open stream: No such file or directory at C:\\Users\\ASUS\\Desktop\\azur\\azur-BO\\vendor\\illuminate\\filesystem\\Filesystem.php:205)
[stacktrace]
#0 C:\\Users\\ASUS\\Desktop\\azur\\azur-BO\\vendor\\laravel\\lumen-framework\\src\\Concerns\\RegistersExceptionHandlers.php(47): Laravel\\Lumen\\Application->handleError(2, 'file_put_conten...', 'C:\\\\Users\\\\ASUS\\\\D...', 205)
#1 [internal function]: Laravel\\Lumen\\Application->Laravel\\Lumen\\Concerns\\{closure}(2, 'file_put_conten...', 'C:\\\\Users\\\\ASUS\\\\D...', 205)
#2 C:\\Users\\ASUS\\Desktop\\azur\\azur-BO\\vendor\\illuminate\\filesystem\\Filesystem.php(205): file_put_contents('/storage/app/ac...', '%PDF-1.7\\n1 0 ob...', 0)
#3 C:\\Users\\ASUS\\Desktop\\azur\\azur-BO\\vendor\\barryvdh\\laravel-dompdf\\src\\PDF.php(187): Illuminate\\Filesystem\\Filesystem->put('/storage/app/ac...', '%PDF-1.7\\n1 0 ob...')
#4 C:\\Users\\ASUS\\Desktop\\azur\\azur-BO\\app\\Http\\Controllers\\Contract\\acContractController.php(67): Barryvdh\\DomPDF\\PDF->save('/storage/app/ac...')
#5 C:\\Users\\ASUS\\Desktop\\azur\\azur-BO\\app\\Http\\Controllers\\Contract\\acContractController.php(41): App\\Http\\Controllers\\Contract\\acContractController->generateContractPdf(Object(App\\Models\\acContract), 'fr')
#6 C:\\Users\\ASUS\\Desktop\\azur\\azur-BO\\vendor\\illuminate\\container\\BoundMethod.php(36): App\\Http\\Controllers\\Contract\\acContractController->validateAcContract(Object(Laravel\\Lumen\\Http\\Request), '1')
#7 C:\\Users\\ASUS\\Desktop\\azur\\azur-BO\\vendor\\illuminate\\container\\Util.php(41): Illuminate\\Container\\BoundMethod::Illuminate\\Container\\{closure}()
#8 C:\\Users\\ASUS\\Desktop\\azur\\azur-BO\\vendor\\illuminate\\container\\BoundMethod.php(93): Illuminate\\Container\\Util::unwrapIfClosure(Object(Closure))
#9 C:\\Users\\ASUS\\Desktop\\azur\\azur-BO\\vendor\\illuminate\\container\\BoundMethod.php(37): Illuminate\\Container\\BoundMethod::callBoundMethod(Object(Laravel\\Lumen\\Application), Array, Object(Closure))
#10 C:\\Users\\ASUS\\Desktop\\azur\\azur-BO\\vendor\\illuminate\\container\\Container.php(661): Illuminate\\Container\\BoundMethod::call(Object(Laravel\\Lumen\\Application), Array, Array, NULL)
#11 C:\\Users\\ASUS\\Desktop\\azur\\azur-BO\\vendor\\laravel\\lumen-framework\\src\\Concerns\\RoutesRequests.php(391): Illuminate\\Container\\Container->call(Array, Array)
#12 C:\\Users\\ASUS\\Desktop\\azur\\azur-BO\\vendor\\laravel\\lumen-framework\\src\\Concerns\\RoutesRequests.php(357): Laravel\\Lumen\\Application->callControllerCallable(Array, Array)
#13 C:\\Users\\ASUS\\Desktop\\azur\\azur-BO\\vendor\\laravel\\lumen-framework\\src\\Concerns\\RoutesRequests.php(331): Laravel\\Lumen\\Application->callLumenController(Object(App\\Http\\Controllers\\Contract\\acContractController), 'validateAcContr...', Array)
#14 C:\\Users\\ASUS\\Desktop\\azur\\azur-BO\\vendor\\laravel\\lumen-framework\\src\\Concerns\\RoutesRequests.php(284): Laravel\\Lumen\\Application->callControllerAction(Array)
#15 C:\\Users\\ASUS\\Desktop\\azur\\azur-BO\\vendor\\laravel\\lumen-framework\\src\\Concerns\\RoutesRequests.php(264): Laravel\\Lumen\\Application->callActionOnArrayBasedRoute(Array)
#16 C:\\Users\\ASUS\\Desktop\\azur\\azur-BO\\vendor\\laravel\\lumen-framework\\src\\Routing\\Pipeline.php(48): Laravel\\Lumen\\Application->Laravel\\Lumen\\Concerns\\{closure}(Object(Laravel\\Lumen\\Http\\Request))
#17 C:\\Users\\ASUS\\Desktop\\azur\\azur-BO\\app\\Http\\Middleware\\Authenticate.php(42): Laravel\\Lumen\\Routing\\Pipeline->Laravel\\Lumen\\Routing\\{closure}(Object(Laravel\\Lumen\\Http\\Request))
#18 C:\\Users\\ASUS\\Desktop\\azur\\azur-BO\\vendor\\illuminate\\pipeline\\Pipeline.php(180): App\\Http\\Middleware\\Authenticate->handle(Object(Laravel\\Lumen\\Http\\Request), Object(Closure))
#19 C:\\Users\\ASUS\\Desktop\\azur\\azur-BO\\vendor\\laravel\\lumen-framework\\src\\Routing\\Pipeline.php(30): Illuminate\\Pipeline\\Pipeline->Illuminate\\Pipeline\\{closure}(Object(Laravel\\Lumen\\Http\\Request))
#20 C:\\Users\\ASUS\\Desktop\\azur\\azur-BO\\vendor\\illuminate\\pipeline\\Pipeline.php(116): Laravel\\Lumen\\Routing\\Pipeline->Laravel\\Lumen\\Routing\\{closure}(Object(Laravel\\Lumen\\Http\\Request))
#21 C:\\Users\\ASUS\\Desktop\\azur\\azur-BO\\vendor\\laravel\\lumen-framework\\src\\Concerns\\RoutesRequests.php(428): Illuminate\\Pipeline\\Pipeline->then(Object(Closure))
#22 C:\\Users\\ASUS\\Desktop\\azur\\azur-BO\\vendor\\laravel\\lumen-framework\\src\\Concerns\\RoutesRequests.php(265): Laravel\\Lumen\\Application->sendThroughPipeline(Array, Object(Closure))
#23 C:\\Users\\ASUS\\Desktop\\azur\\azur-BO\\vendor\\laravel\\lumen-framework\\src\\Concerns\\RoutesRequests.php(239): Laravel\\Lumen\\Application->handleFoundRoute(Array)
#24 C:\\Users\\ASUS\\Desktop\\azur\\azur-BO\\vendor\\laravel\\lumen-framework\\src\\Concerns\\RoutesRequests.php(175): Laravel\\Lumen\\Application->handleDispatcherResponse(Array)
#25 C:\\Users\\ASUS\\Desktop\\azur\\azur-BO\\vendor\\laravel\\lumen-framework\\src\\Routing\\Pipeline.php(48): Laravel\\Lumen\\Application->Laravel\\Lumen\\Concerns\\{closure}(Object(Laravel\\Lumen\\Http\\Request))
#26 C:\\Users\\ASUS\\Desktop\\azur\\azur-BO\\app\\Http\\Middleware\\CROS.php(31): Laravel\\Lumen\\Routing\\Pipeline->Laravel\\Lumen\\Routing\\{closure}(Object(Laravel\\Lumen\\Http\\Request))
#27 C:\\Users\\ASUS\\Desktop\\azur\\azur-BO\\vendor\\illuminate\\pipeline\\Pipeline.php(180): App\\Http\\Middleware\\CROS->handle(Object(Laravel\\Lumen\\Http\\Request), Object(Closure))
#28 C:\\Users\\ASUS\\Desktop\\azur\\azur-BO\\vendor\\laravel\\lumen-framework\\src\\Routing\\Pipeline.php(30): Illuminate\\Pipeline\\Pipeline->Illuminate\\Pipeline\\{closure}(Object(Laravel\\Lumen\\Http\\Request))
#29 C:\\Users\\ASUS\\Desktop\\azur\\azur-BO\\app\\Http\\Middleware\\ExampleMiddleware.php(18): Laravel\\Lumen\\Routing\\Pipeline->Laravel\\Lumen\\Routing\\{closure}(Object(Laravel\\Lumen\\Http\\Request))
#30 C:\\Users\\ASUS\\Desktop\\azur\\azur-BO\\vendor\\illuminate\\pipeline\\Pipeline.php(180): App\\Http\\Middleware\\ExampleMiddleware->handle(Object(Laravel\\Lumen\\Http\\Request), Object(Closure))
#31 C:\\Users\\ASUS\\Desktop\\azur\\azur-BO\\vendor\\laravel\\lumen-framework\\src\\Routing\\Pipeline.php(30): Illuminate\\Pipeline\\Pipeline->Illuminate\\Pipeline\\{closure}(Object(Laravel\\Lumen\\Http\\Request))
#32 C:\\Users\\ASUS\\Desktop\\azur\\azur-BO\\vendor\\illuminate\\pipeline\\Pipeline.php(116): Laravel\\Lumen\\Routing\\Pipeline->Laravel\\Lumen\\Routing\\{closure}(Object(Laravel\\Lumen\\Http\\Request))
#33 C:\\Users\\ASUS\\Desktop\\azur\\azur-BO\\vendor\\laravel\\lumen-framework\\src\\Concerns\\RoutesRequests.php(428): Illuminate\\Pipeline\\Pipeline->then(Object(Closure))
#34 C:\\Users\\ASUS\\Desktop\\azur\\azur-BO\\vendor\\laravel\\lumen-framework\\src\\Concerns\\RoutesRequests.php(177): Laravel\\Lumen\\Application->sendThroughPipeline(Array, Object(Closure))
#35 C:\\Users\\ASUS\\Desktop\\azur\\azur-BO\\vendor\\laravel\\lumen-framework\\src\\Concerns\\RoutesRequests.php(112): Laravel\\Lumen\\Application->dispatch(NULL)
#36 C:\\Users\\ASUS\\Desktop\\azur\\azur-BO\\public\\index.php(28): Laravel\\Lumen\\Application->run()
#37 {main}
"} 
[2023-04-04 11:46:23] local.ERROR: file_put_contents(/storage/app/ac-contract/ac-contract-12.pdf): Failed to open stream: No such file or directory {"exception":"[object] (ErrorException(code: 0): file_put_contents(/storage/app/ac-contract/ac-contract-12.pdf): Failed to open stream: No such file or directory at C:\\Users\\ASUS\\Desktop\\azur\\azur-BO\\vendor\\illuminate\\filesystem\\Filesystem.php:205)
[stacktrace]
#0 C:\\Users\\ASUS\\Desktop\\azur\\azur-BO\\vendor\\laravel\\lumen-framework\\src\\Concerns\\RegistersExceptionHandlers.php(47): Laravel\\Lumen\\Application->handleError(2, 'file_put_conten...', 'C:\\\\Users\\\\ASUS\\\\D...', 205)
#1 [internal function]: Laravel\\Lumen\\Application->Laravel\\Lumen\\Concerns\\{closure}(2, 'file_put_conten...', 'C:\\\\Users\\\\ASUS\\\\D...', 205)
#2 C:\\Users\\ASUS\\Desktop\\azur\\azur-BO\\vendor\\illuminate\\filesystem\\Filesystem.php(205): file_put_contents('/storage/app/ac...', '%PDF-1.7\\n1 0 ob...', 0)
#3 C:\\Users\\ASUS\\Desktop\\azur\\azur-BO\\vendor\\barryvdh\\laravel-dompdf\\src\\PDF.php(187): Illuminate\\Filesystem\\Filesystem->put('/storage/app/ac...', '%PDF-1.7\\n1 0 ob...')
#4 C:\\Users\\ASUS\\Desktop\\azur\\azur-BO\\app\\Http\\Controllers\\Contract\\acContractController.php(67): Barryvdh\\DomPDF\\PDF->save('/storage/app/ac...')
#5 C:\\Users\\ASUS\\Desktop\\azur\\azur-BO\\app\\Http\\Controllers\\Contract\\acContractController.php(41): App\\Http\\Controllers\\Contract\\acContractController->generateContractPdf(Object(App\\Models\\acContract), 'fr')
#6 C:\\Users\\ASUS\\Desktop\\azur\\azur-BO\\vendor\\illuminate\\container\\BoundMethod.php(36): App\\Http\\Controllers\\Contract\\acContractController->validateAcContract(Object(Laravel\\Lumen\\Http\\Request), '1')
#7 C:\\Users\\ASUS\\Desktop\\azur\\azur-BO\\vendor\\illuminate\\container\\Util.php(41): Illuminate\\Container\\BoundMethod::Illuminate\\Container\\{closure}()
#8 C:\\Users\\ASUS\\Desktop\\azur\\azur-BO\\vendor\\illuminate\\container\\BoundMethod.php(93): Illuminate\\Container\\Util::unwrapIfClosure(Object(Closure))
#9 C:\\Users\\ASUS\\Desktop\\azur\\azur-BO\\vendor\\illuminate\\container\\BoundMethod.php(37): Illuminate\\Container\\BoundMethod::callBoundMethod(Object(Laravel\\Lumen\\Application), Array, Object(Closure))
#10 C:\\Users\\ASUS\\Desktop\\azur\\azur-BO\\vendor\\illuminate\\container\\Container.php(661): Illuminate\\Container\\BoundMethod::call(Object(Laravel\\Lumen\\Application), Array, Array, NULL)
#11 C:\\Users\\ASUS\\Desktop\\azur\\azur-BO\\vendor\\laravel\\lumen-framework\\src\\Concerns\\RoutesRequests.php(391): Illuminate\\Container\\Container->call(Array, Array)
#12 C:\\Users\\ASUS\\Desktop\\azur\\azur-BO\\vendor\\laravel\\lumen-framework\\src\\Concerns\\RoutesRequests.php(357): Laravel\\Lumen\\Application->callControllerCallable(Array, Array)
#13 C:\\Users\\ASUS\\Desktop\\azur\\azur-BO\\vendor\\laravel\\lumen-framework\\src\\Concerns\\RoutesRequests.php(331): Laravel\\Lumen\\Application->callLumenController(Object(App\\Http\\Controllers\\Contract\\acContractController), 'validateAcContr...', Array)
#14 C:\\Users\\ASUS\\Desktop\\azur\\azur-BO\\vendor\\laravel\\lumen-framework\\src\\Concerns\\RoutesRequests.php(284): Laravel\\Lumen\\Application->callControllerAction(Array)
#15 C:\\Users\\ASUS\\Desktop\\azur\\azur-BO\\vendor\\laravel\\lumen-framework\\src\\Concerns\\RoutesRequests.php(264): Laravel\\Lumen\\Application->callActionOnArrayBasedRoute(Array)
#16 C:\\Users\\ASUS\\Desktop\\azur\\azur-BO\\vendor\\laravel\\lumen-framework\\src\\Routing\\Pipeline.php(48): Laravel\\Lumen\\Application->Laravel\\Lumen\\Concerns\\{closure}(Object(Laravel\\Lumen\\Http\\Request))
#17 C:\\Users\\ASUS\\Desktop\\azur\\azur-BO\\app\\Http\\Middleware\\Authenticate.php(42): Laravel\\Lumen\\Routing\\Pipeline->Laravel\\Lumen\\Routing\\{closure}(Object(Laravel\\Lumen\\Http\\Request))
#18 C:\\Users\\ASUS\\Desktop\\azur\\azur-BO\\vendor\\illuminate\\pipeline\\Pipeline.php(180): App\\Http\\Middleware\\Authenticate->handle(Object(Laravel\\Lumen\\Http\\Request), Object(Closure))
#19 C:\\Users\\ASUS\\Desktop\\azur\\azur-BO\\vendor\\laravel\\lumen-framework\\src\\Routing\\Pipeline.php(30): Illuminate\\Pipeline\\Pipeline->Illuminate\\Pipeline\\{closure}(Object(Laravel\\Lumen\\Http\\Request))
#20 C:\\Users\\ASUS\\Desktop\\azur\\azur-BO\\vendor\\illuminate\\pipeline\\Pipeline.php(116): Laravel\\Lumen\\Routing\\Pipeline->Laravel\\Lumen\\Routing\\{closure}(Object(Laravel\\Lumen\\Http\\Request))
#21 C:\\Users\\ASUS\\Desktop\\azur\\azur-BO\\vendor\\laravel\\lumen-framework\\src\\Concerns\\RoutesRequests.php(428): Illuminate\\Pipeline\\Pipeline->then(Object(Closure))
#22 C:\\Users\\ASUS\\Desktop\\azur\\azur-BO\\vendor\\laravel\\lumen-framework\\src\\Concerns\\RoutesRequests.php(265): Laravel\\Lumen\\Application->sendThroughPipeline(Array, Object(Closure))
#23 C:\\Users\\ASUS\\Desktop\\azur\\azur-BO\\vendor\\laravel\\lumen-framework\\src\\Concerns\\RoutesRequests.php(239): Laravel\\Lumen\\Application->handleFoundRoute(Array)
#24 C:\\Users\\ASUS\\Desktop\\azur\\azur-BO\\vendor\\laravel\\lumen-framework\\src\\Concerns\\RoutesRequests.php(175): Laravel\\Lumen\\Application->handleDispatcherResponse(Array)
#25 C:\\Users\\ASUS\\Desktop\\azur\\azur-BO\\vendor\\laravel\\lumen-framework\\src\\Routing\\Pipeline.php(48): Laravel\\Lumen\\Application->Laravel\\Lumen\\Concerns\\{closure}(Object(Laravel\\Lumen\\Http\\Request))
#26 C:\\Users\\ASUS\\Desktop\\azur\\azur-BO\\app\\Http\\Middleware\\CROS.php(31): Laravel\\Lumen\\Routing\\Pipeline->Laravel\\Lumen\\Routing\\{closure}(Object(Laravel\\Lumen\\Http\\Request))
#27 C:\\Users\\ASUS\\Desktop\\azur\\azur-BO\\vendor\\illuminate\\pipeline\\Pipeline.php(180): App\\Http\\Middleware\\CROS->handle(Object(Laravel\\Lumen\\Http\\Request), Object(Closure))
#28 C:\\Users\\ASUS\\Desktop\\azur\\azur-BO\\vendor\\laravel\\lumen-framework\\src\\Routing\\Pipeline.php(30): Illuminate\\Pipeline\\Pipeline->Illuminate\\Pipeline\\{closure}(Object(Laravel\\Lumen\\Http\\Request))
#29 C:\\Users\\ASUS\\Desktop\\azur\\azur-BO\\app\\Http\\Middleware\\ExampleMiddleware.php(18): Laravel\\Lumen\\Routing\\Pipeline->Laravel\\Lumen\\Routing\\{closure}(Object(Laravel\\Lumen\\Http\\Request))
#30 C:\\Users\\ASUS\\Desktop\\azur\\azur-BO\\vendor\\illuminate\\pipeline\\Pipeline.php(180): App\\Http\\Middleware\\ExampleMiddleware->handle(Object(Laravel\\Lumen\\Http\\Request), Object(Closure))
#31 C:\\Users\\ASUS\\Desktop\\azur\\azur-BO\\vendor\\laravel\\lumen-framework\\src\\Routing\\Pipeline.php(30): Illuminate\\Pipeline\\Pipeline->Illuminate\\Pipeline\\{closure}(Object(Laravel\\Lumen\\Http\\Request))
#32 C:\\Users\\ASUS\\Desktop\\azur\\azur-BO\\vendor\\illuminate\\pipeline\\Pipeline.php(116): Laravel\\Lumen\\Routing\\Pipeline->Laravel\\Lumen\\Routing\\{closure}(Object(Laravel\\Lumen\\Http\\Request))
#33 C:\\Users\\ASUS\\Desktop\\azur\\azur-BO\\vendor\\laravel\\lumen-framework\\src\\Concerns\\RoutesRequests.php(428): Illuminate\\Pipeline\\Pipeline->then(Object(Closure))
#34 C:\\Users\\ASUS\\Desktop\\azur\\azur-BO\\vendor\\laravel\\lumen-framework\\src\\Concerns\\RoutesRequests.php(177): Laravel\\Lumen\\Application->sendThroughPipeline(Array, Object(Closure))
#35 C:\\Users\\ASUS\\Desktop\\azur\\azur-BO\\vendor\\laravel\\lumen-framework\\src\\Concerns\\RoutesRequests.php(112): Laravel\\Lumen\\Application->dispatch(NULL)
#36 C:\\Users\\ASUS\\Desktop\\azur\\azur-BO\\public\\index.php(28): Laravel\\Lumen\\Application->run()
#37 {main}
"} 
[2023-04-04 13:37:01] local.ERROR: Secret is not set. {"exception":"[object] (Tymon\\JWTAuth\\Exceptions\\JWTException(code: 0): Secret is not set. at C:\\Users\\ASUS\\Desktop\\azur\\azur-BO\\vendor\\tymon\\jwt-auth\\src\\Providers\\JWT\\Lcobucci.php:244)
[stacktrace]
#0 C:\\Users\\ASUS\\Desktop\\azur\\azur-BO\\vendor\\tymon\\jwt-auth\\src\\Providers\\JWT\\Lcobucci.php(186): Tymon\\JWTAuth\\Providers\\JWT\\Lcobucci->getSigningKey()
#1 C:\\Users\\ASUS\\Desktop\\azur\\azur-BO\\vendor\\tymon\\jwt-auth\\src\\Providers\\JWT\\Lcobucci.php(57): Tymon\\JWTAuth\\Providers\\JWT\\Lcobucci->buildConfig()
#2 C:\\Users\\ASUS\\Desktop\\azur\\azur-BO\\vendor\\tymon\\jwt-auth\\src\\Providers\\AbstractServiceProvider.php(170): Tymon\\JWTAuth\\Providers\\JWT\\Lcobucci->__construct(NULL, 'HS256', Array)
#3 C:\\Users\\ASUS\\Desktop\\azur\\azur-BO\\vendor\\illuminate\\container\\Container.php(885): Tymon\\JWTAuth\\Providers\\AbstractServiceProvider->Tymon\\JWTAuth\\Providers\\{closure}(Object(Laravel\\Lumen\\Application), Array)
#4 C:\\Users\\ASUS\\Desktop\\azur\\azur-BO\\vendor\\illuminate\\container\\Container.php(770): Illuminate\\Container\\Container->build(Object(Closure))
#5 C:\\Users\\ASUS\\Desktop\\azur\\azur-BO\\vendor\\illuminate\\container\\Container.php(706): Illuminate\\Container\\Container->resolve('tymon.jwt.provi...', Array)
#6 C:\\Users\\ASUS\\Desktop\\azur\\azur-BO\\vendor\\laravel\\lumen-framework\\src\\Application.php(327): Illuminate\\Container\\Container->make('tymon.jwt.provi...', Array)
#7 C:\\Users\\ASUS\\Desktop\\azur\\azur-BO\\vendor\\tymon\\jwt-auth\\src\\Providers\\AbstractServiceProvider.php(367): Laravel\\Lumen\\Application->make('tymon.jwt.provi...')
#8 C:\\Users\\ASUS\\Desktop\\azur\\azur-BO\\vendor\\tymon\\jwt-auth\\src\\Providers\\AbstractServiceProvider.php(138): Tymon\\JWTAuth\\Providers\\AbstractServiceProvider->getConfigInstance('providers.jwt')
#9 C:\\Users\\ASUS\\Desktop\\azur\\azur-BO\\vendor\\illuminate\\container\\Container.php(885): Tymon\\JWTAuth\\Providers\\AbstractServiceProvider->Tymon\\JWTAuth\\Providers\\{closure}(Object(Laravel\\Lumen\\Application), Array)
#10 C:\\Users\\ASUS\\Desktop\\azur\\azur-BO\\vendor\\illuminate\\container\\Container.php(770): Illuminate\\Container\\Container->build(Object(Closure))
#11 C:\\Users\\ASUS\\Desktop\\azur\\azur-BO\\vendor\\illuminate\\container\\Container.php(706): Illuminate\\Container\\Container->resolve('tymon.jwt.provi...', Array)
#12 C:\\Users\\ASUS\\Desktop\\azur\\azur-BO\\vendor\\laravel\\lumen-framework\\src\\Application.php(327): Illuminate\\Container\\Container->make('tymon.jwt.provi...', Array)
#13 C:\\Users\\ASUS\\Desktop\\azur\\azur-BO\\vendor\\illuminate\\container\\Container.php(1431): Laravel\\Lumen\\Application->make('tymon.jwt.provi...')
#14 C:\\Users\\ASUS\\Desktop\\azur\\azur-BO\\vendor\\tymon\\jwt-auth\\src\\Providers\\AbstractServiceProvider.php(208): Illuminate\\Container\\Container->offsetGet('tymon.jwt.provi...')
#15 C:\\Users\\ASUS\\Desktop\\azur\\azur-BO\\vendor\\illuminate\\container\\Container.php(885): Tymon\\JWTAuth\\Providers\\AbstractServiceProvider->Tymon\\JWTAuth\\Providers\\{closure}(Object(Laravel\\Lumen\\Application), Array)
#16 C:\\Users\\ASUS\\Desktop\\azur\\azur-BO\\vendor\\illuminate\\container\\Container.php(770): Illuminate\\Container\\Container->build(Object(Closure))
#17 C:\\Users\\ASUS\\Desktop\\azur\\azur-BO\\vendor\\illuminate\\container\\Container.php(706): Illuminate\\Container\\Container->resolve('tymon.jwt.manag...', Array)
#18 C:\\Users\\ASUS\\Desktop\\azur\\azur-BO\\vendor\\laravel\\lumen-framework\\src\\Application.php(327): Illuminate\\Container\\Container->make('tymon.jwt.manag...', Array)
#19 C:\\Users\\ASUS\\Desktop\\azur\\azur-BO\\vendor\\illuminate\\container\\Container.php(1431): Laravel\\Lumen\\Application->make('tymon.jwt.manag...')
#20 C:\\Users\\ASUS\\Desktop\\azur\\azur-BO\\vendor\\tymon\\jwt-auth\\src\\Providers\\AbstractServiceProvider.php(250): Illuminate\\Container\\Container->offsetGet('tymon.jwt.manag...')
#21 C:\\Users\\ASUS\\Desktop\\azur\\azur-BO\\vendor\\illuminate\\container\\Container.php(885): Tymon\\JWTAuth\\Providers\\AbstractServiceProvider->Tymon\\JWTAuth\\Providers\\{closure}(Object(Laravel\\Lumen\\Application), Array)
#22 C:\\Users\\ASUS\\Desktop\\azur\\azur-BO\\vendor\\illuminate\\container\\Container.php(770): Illuminate\\Container\\Container->build(Object(Closure))
#23 C:\\Users\\ASUS\\Desktop\\azur\\azur-BO\\vendor\\illuminate\\container\\Container.php(706): Illuminate\\Container\\Container->resolve('tymon.jwt', Array)
#24 C:\\Users\\ASUS\\Desktop\\azur\\azur-BO\\vendor\\laravel\\lumen-framework\\src\\Application.php(327): Illuminate\\Container\\Container->make('tymon.jwt', Array)
#25 C:\\Users\\ASUS\\Desktop\\azur\\azur-BO\\vendor\\illuminate\\container\\Container.php(1431): Laravel\\Lumen\\Application->make('tymon.jwt')
#26 C:\\Users\\ASUS\\Desktop\\azur\\azur-BO\\vendor\\tymon\\jwt-auth\\src\\Providers\\AbstractServiceProvider.php(96): Illuminate\\Container\\Container->offsetGet('tymon.jwt')
#27 C:\\Users\\ASUS\\Desktop\\azur\\azur-BO\\vendor\\illuminate\\auth\\AuthManager.php(113): Tymon\\JWTAuth\\Providers\\AbstractServiceProvider->Tymon\\JWTAuth\\Providers\\{closure}(Object(Laravel\\Lumen\\Application), 'api', Array)
#28 C:\\Users\\ASUS\\Desktop\\azur\\azur-BO\\vendor\\illuminate\\auth\\AuthManager.php(90): Illuminate\\Auth\\AuthManager->callCustomCreator('api', Array)
#29 C:\\Users\\ASUS\\Desktop\\azur\\azur-BO\\vendor\\illuminate\\auth\\AuthManager.php(70): Illuminate\\Auth\\AuthManager->resolve('api')
#30 C:\\Users\\ASUS\\Desktop\\azur\\azur-BO\\app\\Http\\Middleware\\Authenticate.php(38): Illuminate\\Auth\\AuthManager->guard('api')
#31 C:\\Users\\ASUS\\Desktop\\azur\\azur-BO\\vendor\\illuminate\\pipeline\\Pipeline.php(180): App\\Http\\Middleware\\Authenticate->handle(Object(Laravel\\Lumen\\Http\\Request), Object(Closure))
#32 C:\\Users\\ASUS\\Desktop\\azur\\azur-BO\\vendor\\laravel\\lumen-framework\\src\\Routing\\Pipeline.php(30): Illuminate\\Pipeline\\Pipeline->Illuminate\\Pipeline\\{closure}(Object(Laravel\\Lumen\\Http\\Request))
#33 C:\\Users\\ASUS\\Desktop\\azur\\azur-BO\\vendor\\illuminate\\pipeline\\Pipeline.php(116): Laravel\\Lumen\\Routing\\Pipeline->Laravel\\Lumen\\Routing\\{closure}(Object(Laravel\\Lumen\\Http\\Request))
#34 C:\\Users\\ASUS\\Desktop\\azur\\azur-BO\\vendor\\laravel\\lumen-framework\\src\\Concerns\\RoutesRequests.php(428): Illuminate\\Pipeline\\Pipeline->then(Object(Closure))
#35 C:\\Users\\ASUS\\Desktop\\azur\\azur-BO\\vendor\\laravel\\lumen-framework\\src\\Concerns\\RoutesRequests.php(265): Laravel\\Lumen\\Application->sendThroughPipeline(Array, Object(Closure))
#36 C:\\Users\\ASUS\\Desktop\\azur\\azur-BO\\vendor\\laravel\\lumen-framework\\src\\Concerns\\RoutesRequests.php(239): Laravel\\Lumen\\Application->handleFoundRoute(Array)
#37 C:\\Users\\ASUS\\Desktop\\azur\\azur-BO\\vendor\\laravel\\lumen-framework\\src\\Concerns\\RoutesRequests.php(175): Laravel\\Lumen\\Application->handleDispatcherResponse(Array)
#38 C:\\Users\\ASUS\\Desktop\\azur\\azur-BO\\vendor\\laravel\\lumen-framework\\src\\Routing\\Pipeline.php(48): Laravel\\Lumen\\Application->Laravel\\Lumen\\Concerns\\{closure}(Object(Laravel\\Lumen\\Http\\Request))
#39 C:\\Users\\ASUS\\Desktop\\azur\\azur-BO\\app\\Http\\Middleware\\CROS.php(31): Laravel\\Lumen\\Routing\\Pipeline->Laravel\\Lumen\\Routing\\{closure}(Object(Laravel\\Lumen\\Http\\Request))
#40 C:\\Users\\ASUS\\Desktop\\azur\\azur-BO\\vendor\\illuminate\\pipeline\\Pipeline.php(180): App\\Http\\Middleware\\CROS->handle(Object(Laravel\\Lumen\\Http\\Request), Object(Closure))
#41 C:\\Users\\ASUS\\Desktop\\azur\\azur-BO\\vendor\\laravel\\lumen-framework\\src\\Routing\\Pipeline.php(30): Illuminate\\Pipeline\\Pipeline->Illuminate\\Pipeline\\{closure}(Object(Laravel\\Lumen\\Http\\Request))
#42 C:\\Users\\ASUS\\Desktop\\azur\\azur-BO\\app\\Http\\Middleware\\ExampleMiddleware.php(18): Laravel\\Lumen\\Routing\\Pipeline->Laravel\\Lumen\\Routing\\{closure}(Object(Laravel\\Lumen\\Http\\Request))
#43 C:\\Users\\ASUS\\Desktop\\azur\\azur-BO\\vendor\\illuminate\\pipeline\\Pipeline.php(180): App\\Http\\Middleware\\ExampleMiddleware->handle(Object(Laravel\\Lumen\\Http\\Request), Object(Closure))
#44 C:\\Users\\ASUS\\Desktop\\azur\\azur-BO\\vendor\\laravel\\lumen-framework\\src\\Routing\\Pipeline.php(30): Illuminate\\Pipeline\\Pipeline->Illuminate\\Pipeline\\{closure}(Object(Laravel\\Lumen\\Http\\Request))
#45 C:\\Users\\ASUS\\Desktop\\azur\\azur-BO\\vendor\\illuminate\\pipeline\\Pipeline.php(116): Laravel\\Lumen\\Routing\\Pipeline->Laravel\\Lumen\\Routing\\{closure}(Object(Laravel\\Lumen\\Http\\Request))
#46 C:\\Users\\ASUS\\Desktop\\azur\\azur-BO\\vendor\\laravel\\lumen-framework\\src\\Concerns\\RoutesRequests.php(428): Illuminate\\Pipeline\\Pipeline->then(Object(Closure))
#47 C:\\Users\\ASUS\\Desktop\\azur\\azur-BO\\vendor\\laravel\\lumen-framework\\src\\Concerns\\RoutesRequests.php(177): Laravel\\Lumen\\Application->sendThroughPipeline(Array, Object(Closure))
#48 C:\\Users\\ASUS\\Desktop\\azur\\azur-BO\\vendor\\laravel\\lumen-framework\\src\\Concerns\\RoutesRequests.php(112): Laravel\\Lumen\\Application->dispatch(NULL)
#49 C:\\Users\\ASUS\\Desktop\\azur\\azur-BO\\public\\index.php(28): Laravel\\Lumen\\Application->run()
#50 {main}
"} 
