[2023-04-05 13:06:46] local.ERROR: Please provide a valid cache path. {"exception":"[object] (InvalidArgumentException(code: 0): Please provide a valid cache path. at C:\\Users\\ASUS\\Desktop\\azur\\azur-BO\\vendor\\illuminate\\view\\Compilers\\Compiler.php:66)
[stacktrace]
#0 C:\\Users\\ASUS\\Desktop\\azur\\azur-BO\\vendor\\illuminate\\view\\ViewServiceProvider.php(101): Illuminate\\View\\Compilers\\Compiler->__construct(Object(Illuminate\\Filesystem\\Filesystem), false, '', true, 'php')
#1 C:\\Users\\ASUS\\Desktop\\azur\\azur-BO\\vendor\\illuminate\\container\\Container.php(910): Illuminate\\View\\ViewServiceProvider->Illuminate\\View\\{closure}(Object(Laravel\\Lumen\\Application), Array)
#2 C:\\Users\\ASUS\\Desktop\\azur\\azur-BO\\vendor\\illuminate\\container\\Container.php(795): Illuminate\\Container\\Container->build(Object(Closure))
#3 C:\\Users\\ASUS\\Desktop\\azur\\azur-BO\\vendor\\illuminate\\container\\Container.php(731): Illuminate\\Container\\Container->resolve('blade.compiler', Array)
#4 C:\\Users\\ASUS\\Desktop\\azur\\azur-BO\\vendor\\laravel\\lumen-framework\\src\\Application.php(327): Illuminate\\Container\\Container->make('blade.compiler', Array)
#5 C:\\Users\\ASUS\\Desktop\\azur\\azur-BO\\vendor\\illuminate\\container\\Container.php(1456): Laravel\\Lumen\\Application->make('blade.compiler')
#6 C:\\Users\\ASUS\\Desktop\\azur\\azur-BO\\vendor\\illuminate\\view\\ViewServiceProvider.php(164): Illuminate\\Container\\Container->offsetGet('blade.compiler')
#7 [internal function]: Illuminate\\View\\ViewServiceProvider->Illuminate\\View\\{closure}()
#8 C:\\Users\\ASUS\\Desktop\\azur\\azur-BO\\vendor\\illuminate\\view\\Engines\\EngineResolver.php(55): call_user_func(Object(Closure))
#9 C:\\Users\\ASUS\\Desktop\\azur\\azur-BO\\vendor\\illuminate\\view\\Factory.php(310): Illuminate\\View\\Engines\\EngineResolver->resolve('blade')
#10 C:\\Users\\ASUS\\Desktop\\azur\\azur-BO\\vendor\\illuminate\\view\\Factory.php(274): Illuminate\\View\\Factory->getEngineFromPath('C:\\\\Users\\\\ASUS\\\\D...')
#11 C:\\Users\\ASUS\\Desktop\\azur\\azur-BO\\vendor\\illuminate\\view\\Factory.php(146): Illuminate\\View\\Factory->viewInstance('AcContract.ac-c...', 'C:\\\\Users\\\\ASUS\\\\D...', Array)
#12 C:\\Users\\ASUS\\Desktop\\azur\\azur-BO\\vendor\\barryvdh\\laravel-dompdf\\src\\PDF.php(125): Illuminate\\View\\Factory->make('AcContract.ac-c...', Array, Array)
#13 C:\\Users\\ASUS\\Desktop\\azur\\azur-BO\\vendor\\barryvdh\\laravel-dompdf\\src\\Facade\\Pdf.php(56): Barryvdh\\DomPDF\\PDF->loadView('AcContract/ac-c...', Array)
#14 C:\\Users\\ASUS\\Desktop\\azur\\azur-BO\\app\\Http\\Controllers\\Contract\\acContractController.php(66): Barryvdh\\DomPDF\\Facade\\Pdf::__callStatic('loadView', Array)
#15 C:\\Users\\ASUS\\Desktop\\azur\\azur-BO\\app\\Http\\Controllers\\Contract\\acContractController.php(41): App\\Http\\Controllers\\Contract\\acContractController->generateContractPdf(Object(App\\Models\\acContract), 'fr')
#16 C:\\Users\\ASUS\\Desktop\\azur\\azur-BO\\vendor\\illuminate\\container\\BoundMethod.php(36): App\\Http\\Controllers\\Contract\\acContractController->validateAcContract(Object(Laravel\\Lumen\\Http\\Request), '1')
#17 C:\\Users\\ASUS\\Desktop\\azur\\azur-BO\\vendor\\illuminate\\container\\Util.php(41): Illuminate\\Container\\BoundMethod::Illuminate\\Container\\{closure}()
#18 C:\\Users\\ASUS\\Desktop\\azur\\azur-BO\\vendor\\illuminate\\container\\BoundMethod.php(93): Illuminate\\Container\\Util::unwrapIfClosure(Object(Closure))
#19 C:\\Users\\ASUS\\Desktop\\azur\\azur-BO\\vendor\\illuminate\\container\\BoundMethod.php(37): Illuminate\\Container\\BoundMethod::callBoundMethod(Object(Laravel\\Lumen\\Application), Array, Object(Closure))
#20 C:\\Users\\ASUS\\Desktop\\azur\\azur-BO\\vendor\\illuminate\\container\\Container.php(662): Illuminate\\Container\\BoundMethod::call(Object(Laravel\\Lumen\\Application), Array, Array, NULL)
#21 C:\\Users\\ASUS\\Desktop\\azur\\azur-BO\\vendor\\laravel\\lumen-framework\\src\\Concerns\\RoutesRequests.php(391): Illuminate\\Container\\Container->call(Array, Array)
#22 C:\\Users\\ASUS\\Desktop\\azur\\azur-BO\\vendor\\laravel\\lumen-framework\\src\\Concerns\\RoutesRequests.php(357): Laravel\\Lumen\\Application->callControllerCallable(Array, Array)
#23 C:\\Users\\ASUS\\Desktop\\azur\\azur-BO\\vendor\\laravel\\lumen-framework\\src\\Concerns\\RoutesRequests.php(331): Laravel\\Lumen\\Application->callLumenController(Object(App\\Http\\Controllers\\Contract\\acContractController), 'validateAcContr...', Array)
#24 C:\\Users\\ASUS\\Desktop\\azur\\azur-BO\\vendor\\laravel\\lumen-framework\\src\\Concerns\\RoutesRequests.php(284): Laravel\\Lumen\\Application->callControllerAction(Array)
#25 C:\\Users\\ASUS\\Desktop\\azur\\azur-BO\\vendor\\laravel\\lumen-framework\\src\\Concerns\\RoutesRequests.php(264): Laravel\\Lumen\\Application->callActionOnArrayBasedRoute(Array)
#26 C:\\Users\\ASUS\\Desktop\\azur\\azur-BO\\vendor\\laravel\\lumen-framework\\src\\Routing\\Pipeline.php(48): Laravel\\Lumen\\Application->Laravel\\Lumen\\Concerns\\{closure}(Object(Laravel\\Lumen\\Http\\Request))
#27 C:\\Users\\ASUS\\Desktop\\azur\\azur-BO\\app\\Http\\Middleware\\Authenticate.php(42): Laravel\\Lumen\\Routing\\Pipeline->Laravel\\Lumen\\Routing\\{closure}(Object(Laravel\\Lumen\\Http\\Request))
#28 C:\\Users\\ASUS\\Desktop\\azur\\azur-BO\\vendor\\illuminate\\pipeline\\Pipeline.php(180): App\\Http\\Middleware\\Authenticate->handle(Object(Laravel\\Lumen\\Http\\Request), Object(Closure))
#29 C:\\Users\\ASUS\\Desktop\\azur\\azur-BO\\vendor\\laravel\\lumen-framework\\src\\Routing\\Pipeline.php(30): Illuminate\\Pipeline\\Pipeline->Illuminate\\Pipeline\\{closure}(Object(Laravel\\Lumen\\Http\\Request))
#30 C:\\Users\\ASUS\\Desktop\\azur\\azur-BO\\vendor\\illuminate\\pipeline\\Pipeline.php(116): Laravel\\Lumen\\Routing\\Pipeline->Laravel\\Lumen\\Routing\\{closure}(Object(Laravel\\Lumen\\Http\\Request))
#31 C:\\Users\\ASUS\\Desktop\\azur\\azur-BO\\vendor\\laravel\\lumen-framework\\src\\Concerns\\RoutesRequests.php(428): Illuminate\\Pipeline\\Pipeline->then(Object(Closure))
#32 C:\\Users\\ASUS\\Desktop\\azur\\azur-BO\\vendor\\laravel\\lumen-framework\\src\\Concerns\\RoutesRequests.php(265): Laravel\\Lumen\\Application->sendThroughPipeline(Array, Object(Closure))
#33 C:\\Users\\ASUS\\Desktop\\azur\\azur-BO\\vendor\\laravel\\lumen-framework\\src\\Concerns\\RoutesRequests.php(239): Laravel\\Lumen\\Application->handleFoundRoute(Array)
#34 C:\\Users\\ASUS\\Desktop\\azur\\azur-BO\\vendor\\laravel\\lumen-framework\\src\\Concerns\\RoutesRequests.php(175): Laravel\\Lumen\\Application->handleDispatcherResponse(Array)
#35 C:\\Users\\ASUS\\Desktop\\azur\\azur-BO\\vendor\\laravel\\lumen-framework\\src\\Routing\\Pipeline.php(48): Laravel\\Lumen\\Application->Laravel\\Lumen\\Concerns\\{closure}(Object(Laravel\\Lumen\\Http\\Request))
#36 C:\\Users\\ASUS\\Desktop\\azur\\azur-BO\\app\\Http\\Middleware\\CROS.php(31): Laravel\\Lumen\\Routing\\Pipeline->Laravel\\Lumen\\Routing\\{closure}(Object(Laravel\\Lumen\\Http\\Request))
#37 C:\\Users\\ASUS\\Desktop\\azur\\azur-BO\\vendor\\illuminate\\pipeline\\Pipeline.php(180): App\\Http\\Middleware\\CROS->handle(Object(Laravel\\Lumen\\Http\\Request), Object(Closure))
#38 C:\\Users\\ASUS\\Desktop\\azur\\azur-BO\\vendor\\laravel\\lumen-framework\\src\\Routing\\Pipeline.php(30): Illuminate\\Pipeline\\Pipeline->Illuminate\\Pipeline\\{closure}(Object(Laravel\\Lumen\\Http\\Request))
#39 C:\\Users\\ASUS\\Desktop\\azur\\azur-BO\\vendor\\illuminate\\pipeline\\Pipeline.php(116): Laravel\\Lumen\\Routing\\Pipeline->Laravel\\Lumen\\Routing\\{closure}(Object(Laravel\\Lumen\\Http\\Request))
#40 C:\\Users\\ASUS\\Desktop\\azur\\azur-BO\\vendor\\laravel\\lumen-framework\\src\\Concerns\\RoutesRequests.php(428): Illuminate\\Pipeline\\Pipeline->then(Object(Closure))
#41 C:\\Users\\ASUS\\Desktop\\azur\\azur-BO\\vendor\\laravel\\lumen-framework\\src\\Concerns\\RoutesRequests.php(177): Laravel\\Lumen\\Application->sendThroughPipeline(Array, Object(Closure))
#42 C:\\Users\\ASUS\\Desktop\\azur\\azur-BO\\vendor\\laravel\\lumen-framework\\src\\Concerns\\RoutesRequests.php(112): Laravel\\Lumen\\Application->dispatch(NULL)
#43 C:\\Users\\ASUS\\Desktop\\azur\\azur-BO\\public\\index.php(28): Laravel\\Lumen\\Application->run()
#44 {main}
"} 
[2023-04-05 13:11:27] local.ERROR: Please provide a valid cache path. {"exception":"[object] (InvalidArgumentException(code: 0): Please provide a valid cache path. at C:\\Users\\ASUS\\Desktop\\azur\\azur-BO\\vendor\\illuminate\\view\\Compilers\\Compiler.php:66)
[stacktrace]
#0 C:\\Users\\ASUS\\Desktop\\azur\\azur-BO\\vendor\\illuminate\\view\\ViewServiceProvider.php(101): Illuminate\\View\\Compilers\\Compiler->__construct(Object(Illuminate\\Filesystem\\Filesystem), false, '', true, 'php')
#1 C:\\Users\\ASUS\\Desktop\\azur\\azur-BO\\vendor\\illuminate\\container\\Container.php(910): Illuminate\\View\\ViewServiceProvider->Illuminate\\View\\{closure}(Object(Laravel\\Lumen\\Application), Array)
#2 C:\\Users\\ASUS\\Desktop\\azur\\azur-BO\\vendor\\illuminate\\container\\Container.php(795): Illuminate\\Container\\Container->build(Object(Closure))
#3 C:\\Users\\ASUS\\Desktop\\azur\\azur-BO\\vendor\\illuminate\\container\\Container.php(731): Illuminate\\Container\\Container->resolve('blade.compiler', Array)
#4 C:\\Users\\ASUS\\Desktop\\azur\\azur-BO\\vendor\\laravel\\lumen-framework\\src\\Application.php(327): Illuminate\\Container\\Container->make('blade.compiler', Array)
#5 C:\\Users\\ASUS\\Desktop\\azur\\azur-BO\\vendor\\illuminate\\container\\Container.php(1456): Laravel\\Lumen\\Application->make('blade.compiler')
#6 C:\\Users\\ASUS\\Desktop\\azur\\azur-BO\\vendor\\illuminate\\view\\ViewServiceProvider.php(164): Illuminate\\Container\\Container->offsetGet('blade.compiler')
#7 [internal function]: Illuminate\\View\\ViewServiceProvider->Illuminate\\View\\{closure}()
#8 C:\\Users\\ASUS\\Desktop\\azur\\azur-BO\\vendor\\illuminate\\view\\Engines\\EngineResolver.php(55): call_user_func(Object(Closure))
#9 C:\\Users\\ASUS\\Desktop\\azur\\azur-BO\\vendor\\illuminate\\view\\Factory.php(310): Illuminate\\View\\Engines\\EngineResolver->resolve('blade')
#10 C:\\Users\\ASUS\\Desktop\\azur\\azur-BO\\vendor\\illuminate\\view\\Factory.php(274): Illuminate\\View\\Factory->getEngineFromPath('C:\\\\Users\\\\ASUS\\\\D...')
#11 C:\\Users\\ASUS\\Desktop\\azur\\azur-BO\\vendor\\illuminate\\view\\Factory.php(146): Illuminate\\View\\Factory->viewInstance('AcContract.ac-c...', 'C:\\\\Users\\\\ASUS\\\\D...', Array)
#12 C:\\Users\\ASUS\\Desktop\\azur\\azur-BO\\vendor\\barryvdh\\laravel-dompdf\\src\\PDF.php(125): Illuminate\\View\\Factory->make('AcContract.ac-c...', Array, Array)
#13 C:\\Users\\ASUS\\Desktop\\azur\\azur-BO\\vendor\\barryvdh\\laravel-dompdf\\src\\Facade\\Pdf.php(56): Barryvdh\\DomPDF\\PDF->loadView('AcContract/ac-c...', Array)
#14 C:\\Users\\ASUS\\Desktop\\azur\\azur-BO\\app\\Http\\Controllers\\Contract\\acContractController.php(66): Barryvdh\\DomPDF\\Facade\\Pdf::__callStatic('loadView', Array)
#15 C:\\Users\\ASUS\\Desktop\\azur\\azur-BO\\app\\Http\\Controllers\\Contract\\acContractController.php(41): App\\Http\\Controllers\\Contract\\acContractController->generateContractPdf(Object(App\\Models\\acContract), 'fr')
#16 C:\\Users\\ASUS\\Desktop\\azur\\azur-BO\\vendor\\illuminate\\container\\BoundMethod.php(36): App\\Http\\Controllers\\Contract\\acContractController->validateAcContract(Object(Laravel\\Lumen\\Http\\Request), '1')
#17 C:\\Users\\ASUS\\Desktop\\azur\\azur-BO\\vendor\\illuminate\\container\\Util.php(41): Illuminate\\Container\\BoundMethod::Illuminate\\Container\\{closure}()
#18 C:\\Users\\ASUS\\Desktop\\azur\\azur-BO\\vendor\\illuminate\\container\\BoundMethod.php(93): Illuminate\\Container\\Util::unwrapIfClosure(Object(Closure))
#19 C:\\Users\\ASUS\\Desktop\\azur\\azur-BO\\vendor\\illuminate\\container\\BoundMethod.php(37): Illuminate\\Container\\BoundMethod::callBoundMethod(Object(Laravel\\Lumen\\Application), Array, Object(Closure))
#20 C:\\Users\\ASUS\\Desktop\\azur\\azur-BO\\vendor\\illuminate\\container\\Container.php(662): Illuminate\\Container\\BoundMethod::call(Object(Laravel\\Lumen\\Application), Array, Array, NULL)
#21 C:\\Users\\ASUS\\Desktop\\azur\\azur-BO\\vendor\\laravel\\lumen-framework\\src\\Concerns\\RoutesRequests.php(391): Illuminate\\Container\\Container->call(Array, Array)
#22 C:\\Users\\ASUS\\Desktop\\azur\\azur-BO\\vendor\\laravel\\lumen-framework\\src\\Concerns\\RoutesRequests.php(357): Laravel\\Lumen\\Application->callControllerCallable(Array, Array)
#23 C:\\Users\\ASUS\\Desktop\\azur\\azur-BO\\vendor\\laravel\\lumen-framework\\src\\Concerns\\RoutesRequests.php(331): Laravel\\Lumen\\Application->callLumenController(Object(App\\Http\\Controllers\\Contract\\acContractController), 'validateAcContr...', Array)
#24 C:\\Users\\ASUS\\Desktop\\azur\\azur-BO\\vendor\\laravel\\lumen-framework\\src\\Concerns\\RoutesRequests.php(284): Laravel\\Lumen\\Application->callControllerAction(Array)
#25 C:\\Users\\ASUS\\Desktop\\azur\\azur-BO\\vendor\\laravel\\lumen-framework\\src\\Concerns\\RoutesRequests.php(264): Laravel\\Lumen\\Application->callActionOnArrayBasedRoute(Array)
#26 C:\\Users\\ASUS\\Desktop\\azur\\azur-BO\\vendor\\laravel\\lumen-framework\\src\\Routing\\Pipeline.php(48): Laravel\\Lumen\\Application->Laravel\\Lumen\\Concerns\\{closure}(Object(Laravel\\Lumen\\Http\\Request))
#27 C:\\Users\\ASUS\\Desktop\\azur\\azur-BO\\app\\Http\\Middleware\\Authenticate.php(42): Laravel\\Lumen\\Routing\\Pipeline->Laravel\\Lumen\\Routing\\{closure}(Object(Laravel\\Lumen\\Http\\Request))
#28 C:\\Users\\ASUS\\Desktop\\azur\\azur-BO\\vendor\\illuminate\\pipeline\\Pipeline.php(180): App\\Http\\Middleware\\Authenticate->handle(Object(Laravel\\Lumen\\Http\\Request), Object(Closure))
#29 C:\\Users\\ASUS\\Desktop\\azur\\azur-BO\\vendor\\laravel\\lumen-framework\\src\\Routing\\Pipeline.php(30): Illuminate\\Pipeline\\Pipeline->Illuminate\\Pipeline\\{closure}(Object(Laravel\\Lumen\\Http\\Request))
#30 C:\\Users\\ASUS\\Desktop\\azur\\azur-BO\\vendor\\illuminate\\pipeline\\Pipeline.php(116): Laravel\\Lumen\\Routing\\Pipeline->Laravel\\Lumen\\Routing\\{closure}(Object(Laravel\\Lumen\\Http\\Request))
#31 C:\\Users\\ASUS\\Desktop\\azur\\azur-BO\\vendor\\laravel\\lumen-framework\\src\\Concerns\\RoutesRequests.php(428): Illuminate\\Pipeline\\Pipeline->then(Object(Closure))
#32 C:\\Users\\ASUS\\Desktop\\azur\\azur-BO\\vendor\\laravel\\lumen-framework\\src\\Concerns\\RoutesRequests.php(265): Laravel\\Lumen\\Application->sendThroughPipeline(Array, Object(Closure))
#33 C:\\Users\\ASUS\\Desktop\\azur\\azur-BO\\vendor\\laravel\\lumen-framework\\src\\Concerns\\RoutesRequests.php(239): Laravel\\Lumen\\Application->handleFoundRoute(Array)
#34 C:\\Users\\ASUS\\Desktop\\azur\\azur-BO\\vendor\\laravel\\lumen-framework\\src\\Concerns\\RoutesRequests.php(175): Laravel\\Lumen\\Application->handleDispatcherResponse(Array)
#35 C:\\Users\\ASUS\\Desktop\\azur\\azur-BO\\vendor\\laravel\\lumen-framework\\src\\Routing\\Pipeline.php(48): Laravel\\Lumen\\Application->Laravel\\Lumen\\Concerns\\{closure}(Object(Laravel\\Lumen\\Http\\Request))
#36 C:\\Users\\ASUS\\Desktop\\azur\\azur-BO\\app\\Http\\Middleware\\CROS.php(31): Laravel\\Lumen\\Routing\\Pipeline->Laravel\\Lumen\\Routing\\{closure}(Object(Laravel\\Lumen\\Http\\Request))
#37 C:\\Users\\ASUS\\Desktop\\azur\\azur-BO\\vendor\\illuminate\\pipeline\\Pipeline.php(180): App\\Http\\Middleware\\CROS->handle(Object(Laravel\\Lumen\\Http\\Request), Object(Closure))
#38 C:\\Users\\ASUS\\Desktop\\azur\\azur-BO\\vendor\\laravel\\lumen-framework\\src\\Routing\\Pipeline.php(30): Illuminate\\Pipeline\\Pipeline->Illuminate\\Pipeline\\{closure}(Object(Laravel\\Lumen\\Http\\Request))
#39 C:\\Users\\ASUS\\Desktop\\azur\\azur-BO\\vendor\\illuminate\\pipeline\\Pipeline.php(116): Laravel\\Lumen\\Routing\\Pipeline->Laravel\\Lumen\\Routing\\{closure}(Object(Laravel\\Lumen\\Http\\Request))
#40 C:\\Users\\ASUS\\Desktop\\azur\\azur-BO\\vendor\\laravel\\lumen-framework\\src\\Concerns\\RoutesRequests.php(428): Illuminate\\Pipeline\\Pipeline->then(Object(Closure))
#41 C:\\Users\\ASUS\\Desktop\\azur\\azur-BO\\vendor\\laravel\\lumen-framework\\src\\Concerns\\RoutesRequests.php(177): Laravel\\Lumen\\Application->sendThroughPipeline(Array, Object(Closure))
#42 C:\\Users\\ASUS\\Desktop\\azur\\azur-BO\\vendor\\laravel\\lumen-framework\\src\\Concerns\\RoutesRequests.php(112): Laravel\\Lumen\\Application->dispatch(NULL)
#43 C:\\Users\\ASUS\\Desktop\\azur\\azur-BO\\public\\index.php(28): Laravel\\Lumen\\Application->run()
#44 {main}
"} 
[2023-04-05 13:13:54] local.ERROR: Please provide a valid cache path. {"exception":"[object] (InvalidArgumentException(code: 0): Please provide a valid cache path. at C:\\Users\\ASUS\\Desktop\\azur\\azur-BO\\vendor\\illuminate\\view\\Compilers\\Compiler.php:66)
[stacktrace]
#0 C:\\Users\\ASUS\\Desktop\\azur\\azur-BO\\vendor\\illuminate\\view\\ViewServiceProvider.php(101): Illuminate\\View\\Compilers\\Compiler->__construct(Object(Illuminate\\Filesystem\\Filesystem), false, '', true, 'php')
#1 C:\\Users\\ASUS\\Desktop\\azur\\azur-BO\\vendor\\illuminate\\container\\Container.php(910): Illuminate\\View\\ViewServiceProvider->Illuminate\\View\\{closure}(Object(Laravel\\Lumen\\Application), Array)
#2 C:\\Users\\ASUS\\Desktop\\azur\\azur-BO\\vendor\\illuminate\\container\\Container.php(795): Illuminate\\Container\\Container->build(Object(Closure))
#3 C:\\Users\\ASUS\\Desktop\\azur\\azur-BO\\vendor\\illuminate\\container\\Container.php(731): Illuminate\\Container\\Container->resolve('blade.compiler', Array)
#4 C:\\Users\\ASUS\\Desktop\\azur\\azur-BO\\vendor\\laravel\\lumen-framework\\src\\Application.php(327): Illuminate\\Container\\Container->make('blade.compiler', Array)
#5 C:\\Users\\ASUS\\Desktop\\azur\\azur-BO\\vendor\\illuminate\\container\\Container.php(1456): Laravel\\Lumen\\Application->make('blade.compiler')
#6 C:\\Users\\ASUS\\Desktop\\azur\\azur-BO\\vendor\\illuminate\\view\\ViewServiceProvider.php(164): Illuminate\\Container\\Container->offsetGet('blade.compiler')
#7 [internal function]: Illuminate\\View\\ViewServiceProvider->Illuminate\\View\\{closure}()
#8 C:\\Users\\ASUS\\Desktop\\azur\\azur-BO\\vendor\\illuminate\\view\\Engines\\EngineResolver.php(55): call_user_func(Object(Closure))
#9 C:\\Users\\ASUS\\Desktop\\azur\\azur-BO\\vendor\\illuminate\\view\\Factory.php(310): Illuminate\\View\\Engines\\EngineResolver->resolve('blade')
#10 C:\\Users\\ASUS\\Desktop\\azur\\azur-BO\\vendor\\illuminate\\view\\Factory.php(274): Illuminate\\View\\Factory->getEngineFromPath('C:\\\\Users\\\\ASUS\\\\D...')
#11 C:\\Users\\ASUS\\Desktop\\azur\\azur-BO\\vendor\\illuminate\\view\\Factory.php(146): Illuminate\\View\\Factory->viewInstance('AcContract.ac-c...', 'C:\\\\Users\\\\ASUS\\\\D...', Array)
#12 C:\\Users\\ASUS\\Desktop\\azur\\azur-BO\\vendor\\barryvdh\\laravel-dompdf\\src\\PDF.php(125): Illuminate\\View\\Factory->make('AcContract.ac-c...', Array, Array)
#13 C:\\Users\\ASUS\\Desktop\\azur\\azur-BO\\vendor\\barryvdh\\laravel-dompdf\\src\\Facade\\Pdf.php(56): Barryvdh\\DomPDF\\PDF->loadView('AcContract/ac-c...', Array)
#14 C:\\Users\\ASUS\\Desktop\\azur\\azur-BO\\app\\Http\\Controllers\\Contract\\acContractController.php(66): Barryvdh\\DomPDF\\Facade\\Pdf::__callStatic('loadView', Array)
#15 C:\\Users\\ASUS\\Desktop\\azur\\azur-BO\\app\\Http\\Controllers\\Contract\\acContractController.php(41): App\\Http\\Controllers\\Contract\\acContractController->generateContractPdf(Object(App\\Models\\acContract), 'fr')
#16 C:\\Users\\ASUS\\Desktop\\azur\\azur-BO\\vendor\\illuminate\\container\\BoundMethod.php(36): App\\Http\\Controllers\\Contract\\acContractController->validateAcContract(Object(Laravel\\Lumen\\Http\\Request), '1')
#17 C:\\Users\\ASUS\\Desktop\\azur\\azur-BO\\vendor\\illuminate\\container\\Util.php(41): Illuminate\\Container\\BoundMethod::Illuminate\\Container\\{closure}()
#18 C:\\Users\\ASUS\\Desktop\\azur\\azur-BO\\vendor\\illuminate\\container\\BoundMethod.php(93): Illuminate\\Container\\Util::unwrapIfClosure(Object(Closure))
#19 C:\\Users\\ASUS\\Desktop\\azur\\azur-BO\\vendor\\illuminate\\container\\BoundMethod.php(37): Illuminate\\Container\\BoundMethod::callBoundMethod(Object(Laravel\\Lumen\\Application), Array, Object(Closure))
#20 C:\\Users\\ASUS\\Desktop\\azur\\azur-BO\\vendor\\illuminate\\container\\Container.php(662): Illuminate\\Container\\BoundMethod::call(Object(Laravel\\Lumen\\Application), Array, Array, NULL)
#21 C:\\Users\\ASUS\\Desktop\\azur\\azur-BO\\vendor\\laravel\\lumen-framework\\src\\Concerns\\RoutesRequests.php(391): Illuminate\\Container\\Container->call(Array, Array)
#22 C:\\Users\\ASUS\\Desktop\\azur\\azur-BO\\vendor\\laravel\\lumen-framework\\src\\Concerns\\RoutesRequests.php(357): Laravel\\Lumen\\Application->callControllerCallable(Array, Array)
#23 C:\\Users\\ASUS\\Desktop\\azur\\azur-BO\\vendor\\laravel\\lumen-framework\\src\\Concerns\\RoutesRequests.php(331): Laravel\\Lumen\\Application->callLumenController(Object(App\\Http\\Controllers\\Contract\\acContractController), 'validateAcContr...', Array)
#24 C:\\Users\\ASUS\\Desktop\\azur\\azur-BO\\vendor\\laravel\\lumen-framework\\src\\Concerns\\RoutesRequests.php(284): Laravel\\Lumen\\Application->callControllerAction(Array)
#25 C:\\Users\\ASUS\\Desktop\\azur\\azur-BO\\vendor\\laravel\\lumen-framework\\src\\Concerns\\RoutesRequests.php(264): Laravel\\Lumen\\Application->callActionOnArrayBasedRoute(Array)
#26 C:\\Users\\ASUS\\Desktop\\azur\\azur-BO\\vendor\\laravel\\lumen-framework\\src\\Routing\\Pipeline.php(48): Laravel\\Lumen\\Application->Laravel\\Lumen\\Concerns\\{closure}(Object(Laravel\\Lumen\\Http\\Request))
#27 C:\\Users\\ASUS\\Desktop\\azur\\azur-BO\\app\\Http\\Middleware\\Authenticate.php(42): Laravel\\Lumen\\Routing\\Pipeline->Laravel\\Lumen\\Routing\\{closure}(Object(Laravel\\Lumen\\Http\\Request))
#28 C:\\Users\\ASUS\\Desktop\\azur\\azur-BO\\vendor\\illuminate\\pipeline\\Pipeline.php(180): App\\Http\\Middleware\\Authenticate->handle(Object(Laravel\\Lumen\\Http\\Request), Object(Closure))
#29 C:\\Users\\ASUS\\Desktop\\azur\\azur-BO\\vendor\\laravel\\lumen-framework\\src\\Routing\\Pipeline.php(30): Illuminate\\Pipeline\\Pipeline->Illuminate\\Pipeline\\{closure}(Object(Laravel\\Lumen\\Http\\Request))
#30 C:\\Users\\ASUS\\Desktop\\azur\\azur-BO\\vendor\\illuminate\\pipeline\\Pipeline.php(116): Laravel\\Lumen\\Routing\\Pipeline->Laravel\\Lumen\\Routing\\{closure}(Object(Laravel\\Lumen\\Http\\Request))
#31 C:\\Users\\ASUS\\Desktop\\azur\\azur-BO\\vendor\\laravel\\lumen-framework\\src\\Concerns\\RoutesRequests.php(428): Illuminate\\Pipeline\\Pipeline->then(Object(Closure))
#32 C:\\Users\\ASUS\\Desktop\\azur\\azur-BO\\vendor\\laravel\\lumen-framework\\src\\Concerns\\RoutesRequests.php(265): Laravel\\Lumen\\Application->sendThroughPipeline(Array, Object(Closure))
#33 C:\\Users\\ASUS\\Desktop\\azur\\azur-BO\\vendor\\laravel\\lumen-framework\\src\\Concerns\\RoutesRequests.php(239): Laravel\\Lumen\\Application->handleFoundRoute(Array)
#34 C:\\Users\\ASUS\\Desktop\\azur\\azur-BO\\vendor\\laravel\\lumen-framework\\src\\Concerns\\RoutesRequests.php(175): Laravel\\Lumen\\Application->handleDispatcherResponse(Array)
#35 C:\\Users\\ASUS\\Desktop\\azur\\azur-BO\\vendor\\laravel\\lumen-framework\\src\\Routing\\Pipeline.php(48): Laravel\\Lumen\\Application->Laravel\\Lumen\\Concerns\\{closure}(Object(Laravel\\Lumen\\Http\\Request))
#36 C:\\Users\\ASUS\\Desktop\\azur\\azur-BO\\app\\Http\\Middleware\\CROS.php(31): Laravel\\Lumen\\Routing\\Pipeline->Laravel\\Lumen\\Routing\\{closure}(Object(Laravel\\Lumen\\Http\\Request))
#37 C:\\Users\\ASUS\\Desktop\\azur\\azur-BO\\vendor\\illuminate\\pipeline\\Pipeline.php(180): App\\Http\\Middleware\\CROS->handle(Object(Laravel\\Lumen\\Http\\Request), Object(Closure))
#38 C:\\Users\\ASUS\\Desktop\\azur\\azur-BO\\vendor\\laravel\\lumen-framework\\src\\Routing\\Pipeline.php(30): Illuminate\\Pipeline\\Pipeline->Illuminate\\Pipeline\\{closure}(Object(Laravel\\Lumen\\Http\\Request))
#39 C:\\Users\\ASUS\\Desktop\\azur\\azur-BO\\vendor\\illuminate\\pipeline\\Pipeline.php(116): Laravel\\Lumen\\Routing\\Pipeline->Laravel\\Lumen\\Routing\\{closure}(Object(Laravel\\Lumen\\Http\\Request))
#40 C:\\Users\\ASUS\\Desktop\\azur\\azur-BO\\vendor\\laravel\\lumen-framework\\src\\Concerns\\RoutesRequests.php(428): Illuminate\\Pipeline\\Pipeline->then(Object(Closure))
#41 C:\\Users\\ASUS\\Desktop\\azur\\azur-BO\\vendor\\laravel\\lumen-framework\\src\\Concerns\\RoutesRequests.php(177): Laravel\\Lumen\\Application->sendThroughPipeline(Array, Object(Closure))
#42 C:\\Users\\ASUS\\Desktop\\azur\\azur-BO\\vendor\\laravel\\lumen-framework\\src\\Concerns\\RoutesRequests.php(112): Laravel\\Lumen\\Application->dispatch(NULL)
#43 C:\\Users\\ASUS\\Desktop\\azur\\azur-BO\\public\\index.php(28): Laravel\\Lumen\\Application->run()
#44 {main}
"} 
[2023-04-05 13:14:09] local.ERROR: Please provide a valid cache path. {"exception":"[object] (InvalidArgumentException(code: 0): Please provide a valid cache path. at C:\\Users\\ASUS\\Desktop\\azur\\azur-BO\\vendor\\illuminate\\view\\Compilers\\Compiler.php:66)
[stacktrace]
#0 C:\\Users\\ASUS\\Desktop\\azur\\azur-BO\\vendor\\illuminate\\view\\ViewServiceProvider.php(101): Illuminate\\View\\Compilers\\Compiler->__construct(Object(Illuminate\\Filesystem\\Filesystem), false, '', true, 'php')
#1 C:\\Users\\ASUS\\Desktop\\azur\\azur-BO\\vendor\\illuminate\\container\\Container.php(910): Illuminate\\View\\ViewServiceProvider->Illuminate\\View\\{closure}(Object(Laravel\\Lumen\\Application), Array)
#2 C:\\Users\\ASUS\\Desktop\\azur\\azur-BO\\vendor\\illuminate\\container\\Container.php(795): Illuminate\\Container\\Container->build(Object(Closure))
#3 C:\\Users\\ASUS\\Desktop\\azur\\azur-BO\\vendor\\illuminate\\container\\Container.php(731): Illuminate\\Container\\Container->resolve('blade.compiler', Array)
#4 C:\\Users\\ASUS\\Desktop\\azur\\azur-BO\\vendor\\laravel\\lumen-framework\\src\\Application.php(327): Illuminate\\Container\\Container->make('blade.compiler', Array)
#5 C:\\Users\\ASUS\\Desktop\\azur\\azur-BO\\vendor\\illuminate\\container\\Container.php(1456): Laravel\\Lumen\\Application->make('blade.compiler')
#6 C:\\Users\\ASUS\\Desktop\\azur\\azur-BO\\vendor\\illuminate\\view\\ViewServiceProvider.php(164): Illuminate\\Container\\Container->offsetGet('blade.compiler')
#7 [internal function]: Illuminate\\View\\ViewServiceProvider->Illuminate\\View\\{closure}()
#8 C:\\Users\\ASUS\\Desktop\\azur\\azur-BO\\vendor\\illuminate\\view\\Engines\\EngineResolver.php(55): call_user_func(Object(Closure))
#9 C:\\Users\\ASUS\\Desktop\\azur\\azur-BO\\vendor\\illuminate\\view\\Factory.php(310): Illuminate\\View\\Engines\\EngineResolver->resolve('blade')
#10 C:\\Users\\ASUS\\Desktop\\azur\\azur-BO\\vendor\\illuminate\\view\\Factory.php(274): Illuminate\\View\\Factory->getEngineFromPath('C:\\\\Users\\\\ASUS\\\\D...')
#11 C:\\Users\\ASUS\\Desktop\\azur\\azur-BO\\vendor\\illuminate\\view\\Factory.php(146): Illuminate\\View\\Factory->viewInstance('AcContract.ac-c...', 'C:\\\\Users\\\\ASUS\\\\D...', Array)
#12 C:\\Users\\ASUS\\Desktop\\azur\\azur-BO\\vendor\\barryvdh\\laravel-dompdf\\src\\PDF.php(125): Illuminate\\View\\Factory->make('AcContract.ac-c...', Array, Array)
#13 C:\\Users\\ASUS\\Desktop\\azur\\azur-BO\\vendor\\barryvdh\\laravel-dompdf\\src\\Facade\\Pdf.php(56): Barryvdh\\DomPDF\\PDF->loadView('AcContract/ac-c...', Array)
#14 C:\\Users\\ASUS\\Desktop\\azur\\azur-BO\\app\\Http\\Controllers\\Contract\\acContractController.php(66): Barryvdh\\DomPDF\\Facade\\Pdf::__callStatic('loadView', Array)
#15 C:\\Users\\ASUS\\Desktop\\azur\\azur-BO\\app\\Http\\Controllers\\Contract\\acContractController.php(41): App\\Http\\Controllers\\Contract\\acContractController->generateContractPdf(Object(App\\Models\\acContract), 'fr')
#16 C:\\Users\\ASUS\\Desktop\\azur\\azur-BO\\vendor\\illuminate\\container\\BoundMethod.php(36): App\\Http\\Controllers\\Contract\\acContractController->validateAcContract(Object(Laravel\\Lumen\\Http\\Request), '1')
#17 C:\\Users\\ASUS\\Desktop\\azur\\azur-BO\\vendor\\illuminate\\container\\Util.php(41): Illuminate\\Container\\BoundMethod::Illuminate\\Container\\{closure}()
#18 C:\\Users\\ASUS\\Desktop\\azur\\azur-BO\\vendor\\illuminate\\container\\BoundMethod.php(93): Illuminate\\Container\\Util::unwrapIfClosure(Object(Closure))
#19 C:\\Users\\ASUS\\Desktop\\azur\\azur-BO\\vendor\\illuminate\\container\\BoundMethod.php(37): Illuminate\\Container\\BoundMethod::callBoundMethod(Object(Laravel\\Lumen\\Application), Array, Object(Closure))
#20 C:\\Users\\ASUS\\Desktop\\azur\\azur-BO\\vendor\\illuminate\\container\\Container.php(662): Illuminate\\Container\\BoundMethod::call(Object(Laravel\\Lumen\\Application), Array, Array, NULL)
#21 C:\\Users\\ASUS\\Desktop\\azur\\azur-BO\\vendor\\laravel\\lumen-framework\\src\\Concerns\\RoutesRequests.php(391): Illuminate\\Container\\Container->call(Array, Array)
#22 C:\\Users\\ASUS\\Desktop\\azur\\azur-BO\\vendor\\laravel\\lumen-framework\\src\\Concerns\\RoutesRequests.php(357): Laravel\\Lumen\\Application->callControllerCallable(Array, Array)
#23 C:\\Users\\ASUS\\Desktop\\azur\\azur-BO\\vendor\\laravel\\lumen-framework\\src\\Concerns\\RoutesRequests.php(331): Laravel\\Lumen\\Application->callLumenController(Object(App\\Http\\Controllers\\Contract\\acContractController), 'validateAcContr...', Array)
#24 C:\\Users\\ASUS\\Desktop\\azur\\azur-BO\\vendor\\laravel\\lumen-framework\\src\\Concerns\\RoutesRequests.php(284): Laravel\\Lumen\\Application->callControllerAction(Array)
#25 C:\\Users\\ASUS\\Desktop\\azur\\azur-BO\\vendor\\laravel\\lumen-framework\\src\\Concerns\\RoutesRequests.php(264): Laravel\\Lumen\\Application->callActionOnArrayBasedRoute(Array)
#26 C:\\Users\\ASUS\\Desktop\\azur\\azur-BO\\vendor\\laravel\\lumen-framework\\src\\Routing\\Pipeline.php(48): Laravel\\Lumen\\Application->Laravel\\Lumen\\Concerns\\{closure}(Object(Laravel\\Lumen\\Http\\Request))
#27 C:\\Users\\ASUS\\Desktop\\azur\\azur-BO\\app\\Http\\Middleware\\Authenticate.php(42): Laravel\\Lumen\\Routing\\Pipeline->Laravel\\Lumen\\Routing\\{closure}(Object(Laravel\\Lumen\\Http\\Request))
#28 C:\\Users\\ASUS\\Desktop\\azur\\azur-BO\\vendor\\illuminate\\pipeline\\Pipeline.php(180): App\\Http\\Middleware\\Authenticate->handle(Object(Laravel\\Lumen\\Http\\Request), Object(Closure))
#29 C:\\Users\\ASUS\\Desktop\\azur\\azur-BO\\vendor\\laravel\\lumen-framework\\src\\Routing\\Pipeline.php(30): Illuminate\\Pipeline\\Pipeline->Illuminate\\Pipeline\\{closure}(Object(Laravel\\Lumen\\Http\\Request))
#30 C:\\Users\\ASUS\\Desktop\\azur\\azur-BO\\vendor\\illuminate\\pipeline\\Pipeline.php(116): Laravel\\Lumen\\Routing\\Pipeline->Laravel\\Lumen\\Routing\\{closure}(Object(Laravel\\Lumen\\Http\\Request))
#31 C:\\Users\\ASUS\\Desktop\\azur\\azur-BO\\vendor\\laravel\\lumen-framework\\src\\Concerns\\RoutesRequests.php(428): Illuminate\\Pipeline\\Pipeline->then(Object(Closure))
#32 C:\\Users\\ASUS\\Desktop\\azur\\azur-BO\\vendor\\laravel\\lumen-framework\\src\\Concerns\\RoutesRequests.php(265): Laravel\\Lumen\\Application->sendThroughPipeline(Array, Object(Closure))
#33 C:\\Users\\ASUS\\Desktop\\azur\\azur-BO\\vendor\\laravel\\lumen-framework\\src\\Concerns\\RoutesRequests.php(239): Laravel\\Lumen\\Application->handleFoundRoute(Array)
#34 C:\\Users\\ASUS\\Desktop\\azur\\azur-BO\\vendor\\laravel\\lumen-framework\\src\\Concerns\\RoutesRequests.php(175): Laravel\\Lumen\\Application->handleDispatcherResponse(Array)
#35 C:\\Users\\ASUS\\Desktop\\azur\\azur-BO\\vendor\\laravel\\lumen-framework\\src\\Routing\\Pipeline.php(48): Laravel\\Lumen\\Application->Laravel\\Lumen\\Concerns\\{closure}(Object(Laravel\\Lumen\\Http\\Request))
#36 C:\\Users\\ASUS\\Desktop\\azur\\azur-BO\\app\\Http\\Middleware\\CROS.php(31): Laravel\\Lumen\\Routing\\Pipeline->Laravel\\Lumen\\Routing\\{closure}(Object(Laravel\\Lumen\\Http\\Request))
#37 C:\\Users\\ASUS\\Desktop\\azur\\azur-BO\\vendor\\illuminate\\pipeline\\Pipeline.php(180): App\\Http\\Middleware\\CROS->handle(Object(Laravel\\Lumen\\Http\\Request), Object(Closure))
#38 C:\\Users\\ASUS\\Desktop\\azur\\azur-BO\\vendor\\laravel\\lumen-framework\\src\\Routing\\Pipeline.php(30): Illuminate\\Pipeline\\Pipeline->Illuminate\\Pipeline\\{closure}(Object(Laravel\\Lumen\\Http\\Request))
#39 C:\\Users\\ASUS\\Desktop\\azur\\azur-BO\\vendor\\illuminate\\pipeline\\Pipeline.php(116): Laravel\\Lumen\\Routing\\Pipeline->Laravel\\Lumen\\Routing\\{closure}(Object(Laravel\\Lumen\\Http\\Request))
#40 C:\\Users\\ASUS\\Desktop\\azur\\azur-BO\\vendor\\laravel\\lumen-framework\\src\\Concerns\\RoutesRequests.php(428): Illuminate\\Pipeline\\Pipeline->then(Object(Closure))
#41 C:\\Users\\ASUS\\Desktop\\azur\\azur-BO\\vendor\\laravel\\lumen-framework\\src\\Concerns\\RoutesRequests.php(177): Laravel\\Lumen\\Application->sendThroughPipeline(Array, Object(Closure))
#42 C:\\Users\\ASUS\\Desktop\\azur\\azur-BO\\vendor\\laravel\\lumen-framework\\src\\Concerns\\RoutesRequests.php(112): Laravel\\Lumen\\Application->dispatch(NULL)
#43 C:\\Users\\ASUS\\Desktop\\azur\\azur-BO\\public\\index.php(28): Laravel\\Lumen\\Application->run()
#44 {main}
"} 
[2023-04-05 13:15:02] local.ERROR: Please provide a valid cache path. {"exception":"[object] (InvalidArgumentException(code: 0): Please provide a valid cache path. at C:\\Users\\ASUS\\Desktop\\azur\\azur-BO\\vendor\\illuminate\\view\\Compilers\\Compiler.php:66)
[stacktrace]
#0 C:\\Users\\ASUS\\Desktop\\azur\\azur-BO\\vendor\\illuminate\\view\\ViewServiceProvider.php(101): Illuminate\\View\\Compilers\\Compiler->__construct(Object(Illuminate\\Filesystem\\Filesystem), false, '', true, 'php')
#1 C:\\Users\\ASUS\\Desktop\\azur\\azur-BO\\vendor\\illuminate\\container\\Container.php(910): Illuminate\\View\\ViewServiceProvider->Illuminate\\View\\{closure}(Object(Laravel\\Lumen\\Application), Array)
#2 C:\\Users\\ASUS\\Desktop\\azur\\azur-BO\\vendor\\illuminate\\container\\Container.php(795): Illuminate\\Container\\Container->build(Object(Closure))
#3 C:\\Users\\ASUS\\Desktop\\azur\\azur-BO\\vendor\\illuminate\\container\\Container.php(731): Illuminate\\Container\\Container->resolve('blade.compiler', Array)
#4 C:\\Users\\ASUS\\Desktop\\azur\\azur-BO\\vendor\\laravel\\lumen-framework\\src\\Application.php(327): Illuminate\\Container\\Container->make('blade.compiler', Array)
#5 C:\\Users\\ASUS\\Desktop\\azur\\azur-BO\\vendor\\illuminate\\container\\Container.php(1456): Laravel\\Lumen\\Application->make('blade.compiler')
#6 C:\\Users\\ASUS\\Desktop\\azur\\azur-BO\\vendor\\illuminate\\view\\ViewServiceProvider.php(164): Illuminate\\Container\\Container->offsetGet('blade.compiler')
#7 [internal function]: Illuminate\\View\\ViewServiceProvider->Illuminate\\View\\{closure}()
#8 C:\\Users\\ASUS\\Desktop\\azur\\azur-BO\\vendor\\illuminate\\view\\Engines\\EngineResolver.php(55): call_user_func(Object(Closure))
#9 C:\\Users\\ASUS\\Desktop\\azur\\azur-BO\\vendor\\illuminate\\view\\Factory.php(310): Illuminate\\View\\Engines\\EngineResolver->resolve('blade')
#10 C:\\Users\\ASUS\\Desktop\\azur\\azur-BO\\vendor\\illuminate\\view\\Factory.php(274): Illuminate\\View\\Factory->getEngineFromPath('C:\\\\Users\\\\ASUS\\\\D...')
#11 C:\\Users\\ASUS\\Desktop\\azur\\azur-BO\\vendor\\illuminate\\view\\Factory.php(146): Illuminate\\View\\Factory->viewInstance('AcContract.ac-c...', 'C:\\\\Users\\\\ASUS\\\\D...', Array)
#12 C:\\Users\\ASUS\\Desktop\\azur\\azur-BO\\vendor\\barryvdh\\laravel-dompdf\\src\\PDF.php(125): Illuminate\\View\\Factory->make('AcContract.ac-c...', Array, Array)
#13 C:\\Users\\ASUS\\Desktop\\azur\\azur-BO\\vendor\\barryvdh\\laravel-dompdf\\src\\Facade\\Pdf.php(56): Barryvdh\\DomPDF\\PDF->loadView('AcContract/ac-c...', Array)
#14 C:\\Users\\ASUS\\Desktop\\azur\\azur-BO\\app\\Http\\Controllers\\Contract\\acContractController.php(66): Barryvdh\\DomPDF\\Facade\\Pdf::__callStatic('loadView', Array)
#15 C:\\Users\\ASUS\\Desktop\\azur\\azur-BO\\app\\Http\\Controllers\\Contract\\acContractController.php(41): App\\Http\\Controllers\\Contract\\acContractController->generateContractPdf(Object(App\\Models\\acContract), 'fr')
#16 C:\\Users\\ASUS\\Desktop\\azur\\azur-BO\\vendor\\illuminate\\container\\BoundMethod.php(36): App\\Http\\Controllers\\Contract\\acContractController->validateAcContract(Object(Laravel\\Lumen\\Http\\Request), '1')
#17 C:\\Users\\ASUS\\Desktop\\azur\\azur-BO\\vendor\\illuminate\\container\\Util.php(41): Illuminate\\Container\\BoundMethod::Illuminate\\Container\\{closure}()
#18 C:\\Users\\ASUS\\Desktop\\azur\\azur-BO\\vendor\\illuminate\\container\\BoundMethod.php(93): Illuminate\\Container\\Util::unwrapIfClosure(Object(Closure))
#19 C:\\Users\\ASUS\\Desktop\\azur\\azur-BO\\vendor\\illuminate\\container\\BoundMethod.php(37): Illuminate\\Container\\BoundMethod::callBoundMethod(Object(Laravel\\Lumen\\Application), Array, Object(Closure))
#20 C:\\Users\\ASUS\\Desktop\\azur\\azur-BO\\vendor\\illuminate\\container\\Container.php(662): Illuminate\\Container\\BoundMethod::call(Object(Laravel\\Lumen\\Application), Array, Array, NULL)
#21 C:\\Users\\ASUS\\Desktop\\azur\\azur-BO\\vendor\\laravel\\lumen-framework\\src\\Concerns\\RoutesRequests.php(391): Illuminate\\Container\\Container->call(Array, Array)
#22 C:\\Users\\ASUS\\Desktop\\azur\\azur-BO\\vendor\\laravel\\lumen-framework\\src\\Concerns\\RoutesRequests.php(357): Laravel\\Lumen\\Application->callControllerCallable(Array, Array)
#23 C:\\Users\\ASUS\\Desktop\\azur\\azur-BO\\vendor\\laravel\\lumen-framework\\src\\Concerns\\RoutesRequests.php(331): Laravel\\Lumen\\Application->callLumenController(Object(App\\Http\\Controllers\\Contract\\acContractController), 'validateAcContr...', Array)
#24 C:\\Users\\ASUS\\Desktop\\azur\\azur-BO\\vendor\\laravel\\lumen-framework\\src\\Concerns\\RoutesRequests.php(284): Laravel\\Lumen\\Application->callControllerAction(Array)
#25 C:\\Users\\ASUS\\Desktop\\azur\\azur-BO\\vendor\\laravel\\lumen-framework\\src\\Concerns\\RoutesRequests.php(264): Laravel\\Lumen\\Application->callActionOnArrayBasedRoute(Array)
#26 C:\\Users\\ASUS\\Desktop\\azur\\azur-BO\\vendor\\laravel\\lumen-framework\\src\\Routing\\Pipeline.php(48): Laravel\\Lumen\\Application->Laravel\\Lumen\\Concerns\\{closure}(Object(Laravel\\Lumen\\Http\\Request))
#27 C:\\Users\\ASUS\\Desktop\\azur\\azur-BO\\app\\Http\\Middleware\\Authenticate.php(42): Laravel\\Lumen\\Routing\\Pipeline->Laravel\\Lumen\\Routing\\{closure}(Object(Laravel\\Lumen\\Http\\Request))
#28 C:\\Users\\ASUS\\Desktop\\azur\\azur-BO\\vendor\\illuminate\\pipeline\\Pipeline.php(180): App\\Http\\Middleware\\Authenticate->handle(Object(Laravel\\Lumen\\Http\\Request), Object(Closure))
#29 C:\\Users\\ASUS\\Desktop\\azur\\azur-BO\\vendor\\laravel\\lumen-framework\\src\\Routing\\Pipeline.php(30): Illuminate\\Pipeline\\Pipeline->Illuminate\\Pipeline\\{closure}(Object(Laravel\\Lumen\\Http\\Request))
#30 C:\\Users\\ASUS\\Desktop\\azur\\azur-BO\\vendor\\illuminate\\pipeline\\Pipeline.php(116): Laravel\\Lumen\\Routing\\Pipeline->Laravel\\Lumen\\Routing\\{closure}(Object(Laravel\\Lumen\\Http\\Request))
#31 C:\\Users\\ASUS\\Desktop\\azur\\azur-BO\\vendor\\laravel\\lumen-framework\\src\\Concerns\\RoutesRequests.php(428): Illuminate\\Pipeline\\Pipeline->then(Object(Closure))
#32 C:\\Users\\ASUS\\Desktop\\azur\\azur-BO\\vendor\\laravel\\lumen-framework\\src\\Concerns\\RoutesRequests.php(265): Laravel\\Lumen\\Application->sendThroughPipeline(Array, Object(Closure))
#33 C:\\Users\\ASUS\\Desktop\\azur\\azur-BO\\vendor\\laravel\\lumen-framework\\src\\Concerns\\RoutesRequests.php(239): Laravel\\Lumen\\Application->handleFoundRoute(Array)
#34 C:\\Users\\ASUS\\Desktop\\azur\\azur-BO\\vendor\\laravel\\lumen-framework\\src\\Concerns\\RoutesRequests.php(175): Laravel\\Lumen\\Application->handleDispatcherResponse(Array)
#35 C:\\Users\\ASUS\\Desktop\\azur\\azur-BO\\vendor\\laravel\\lumen-framework\\src\\Routing\\Pipeline.php(48): Laravel\\Lumen\\Application->Laravel\\Lumen\\Concerns\\{closure}(Object(Laravel\\Lumen\\Http\\Request))
#36 C:\\Users\\ASUS\\Desktop\\azur\\azur-BO\\app\\Http\\Middleware\\CROS.php(31): Laravel\\Lumen\\Routing\\Pipeline->Laravel\\Lumen\\Routing\\{closure}(Object(Laravel\\Lumen\\Http\\Request))
#37 C:\\Users\\ASUS\\Desktop\\azur\\azur-BO\\vendor\\illuminate\\pipeline\\Pipeline.php(180): App\\Http\\Middleware\\CROS->handle(Object(Laravel\\Lumen\\Http\\Request), Object(Closure))
#38 C:\\Users\\ASUS\\Desktop\\azur\\azur-BO\\vendor\\laravel\\lumen-framework\\src\\Routing\\Pipeline.php(30): Illuminate\\Pipeline\\Pipeline->Illuminate\\Pipeline\\{closure}(Object(Laravel\\Lumen\\Http\\Request))
#39 C:\\Users\\ASUS\\Desktop\\azur\\azur-BO\\vendor\\illuminate\\pipeline\\Pipeline.php(116): Laravel\\Lumen\\Routing\\Pipeline->Laravel\\Lumen\\Routing\\{closure}(Object(Laravel\\Lumen\\Http\\Request))
#40 C:\\Users\\ASUS\\Desktop\\azur\\azur-BO\\vendor\\laravel\\lumen-framework\\src\\Concerns\\RoutesRequests.php(428): Illuminate\\Pipeline\\Pipeline->then(Object(Closure))
#41 C:\\Users\\ASUS\\Desktop\\azur\\azur-BO\\vendor\\laravel\\lumen-framework\\src\\Concerns\\RoutesRequests.php(177): Laravel\\Lumen\\Application->sendThroughPipeline(Array, Object(Closure))
#42 C:\\Users\\ASUS\\Desktop\\azur\\azur-BO\\vendor\\laravel\\lumen-framework\\src\\Concerns\\RoutesRequests.php(112): Laravel\\Lumen\\Application->dispatch(NULL)
#43 C:\\Users\\ASUS\\Desktop\\azur\\azur-BO\\public\\index.php(28): Laravel\\Lumen\\Application->run()
#44 {main}
"} 
[2023-04-05 13:24:29] local.ERROR: Please provide a valid cache path. {"exception":"[object] (InvalidArgumentException(code: 0): Please provide a valid cache path. at C:\\Users\\ASUS\\Desktop\\azur\\azur-BO\\vendor\\illuminate\\view\\Compilers\\Compiler.php:66)
[stacktrace]
#0 C:\\Users\\ASUS\\Desktop\\azur\\azur-BO\\vendor\\illuminate\\view\\ViewServiceProvider.php(101): Illuminate\\View\\Compilers\\Compiler->__construct(Object(Illuminate\\Filesystem\\Filesystem), false, '', true, 'php')
#1 C:\\Users\\ASUS\\Desktop\\azur\\azur-BO\\vendor\\illuminate\\container\\Container.php(910): Illuminate\\View\\ViewServiceProvider->Illuminate\\View\\{closure}(Object(Laravel\\Lumen\\Application), Array)
#2 C:\\Users\\ASUS\\Desktop\\azur\\azur-BO\\vendor\\illuminate\\container\\Container.php(795): Illuminate\\Container\\Container->build(Object(Closure))
#3 C:\\Users\\ASUS\\Desktop\\azur\\azur-BO\\vendor\\illuminate\\container\\Container.php(731): Illuminate\\Container\\Container->resolve('blade.compiler', Array)
#4 C:\\Users\\ASUS\\Desktop\\azur\\azur-BO\\vendor\\laravel\\lumen-framework\\src\\Application.php(327): Illuminate\\Container\\Container->make('blade.compiler', Array)
#5 C:\\Users\\ASUS\\Desktop\\azur\\azur-BO\\vendor\\illuminate\\container\\Container.php(1456): Laravel\\Lumen\\Application->make('blade.compiler')
#6 C:\\Users\\ASUS\\Desktop\\azur\\azur-BO\\vendor\\illuminate\\view\\ViewServiceProvider.php(164): Illuminate\\Container\\Container->offsetGet('blade.compiler')
#7 [internal function]: Illuminate\\View\\ViewServiceProvider->Illuminate\\View\\{closure}()
#8 C:\\Users\\ASUS\\Desktop\\azur\\azur-BO\\vendor\\illuminate\\view\\Engines\\EngineResolver.php(55): call_user_func(Object(Closure))
#9 C:\\Users\\ASUS\\Desktop\\azur\\azur-BO\\vendor\\illuminate\\view\\Factory.php(310): Illuminate\\View\\Engines\\EngineResolver->resolve('blade')
#10 C:\\Users\\ASUS\\Desktop\\azur\\azur-BO\\vendor\\illuminate\\view\\Factory.php(274): Illuminate\\View\\Factory->getEngineFromPath('C:\\\\Users\\\\ASUS\\\\D...')
#11 C:\\Users\\ASUS\\Desktop\\azur\\azur-BO\\vendor\\illuminate\\view\\Factory.php(146): Illuminate\\View\\Factory->viewInstance('AcContract.ac-c...', 'C:\\\\Users\\\\ASUS\\\\D...', Array)
#12 C:\\Users\\ASUS\\Desktop\\azur\\azur-BO\\vendor\\barryvdh\\laravel-dompdf\\src\\PDF.php(125): Illuminate\\View\\Factory->make('AcContract.ac-c...', Array, Array)
#13 C:\\Users\\ASUS\\Desktop\\azur\\azur-BO\\vendor\\barryvdh\\laravel-dompdf\\src\\Facade\\Pdf.php(56): Barryvdh\\DomPDF\\PDF->loadView('AcContract/ac-c...', Array)
#14 C:\\Users\\ASUS\\Desktop\\azur\\azur-BO\\app\\Http\\Controllers\\Contract\\acContractController.php(66): Barryvdh\\DomPDF\\Facade\\Pdf::__callStatic('loadView', Array)
#15 C:\\Users\\ASUS\\Desktop\\azur\\azur-BO\\app\\Http\\Controllers\\Contract\\acContractController.php(41): App\\Http\\Controllers\\Contract\\acContractController->generateContractPdf(Object(App\\Models\\acContract), 'fr')
#16 C:\\Users\\ASUS\\Desktop\\azur\\azur-BO\\vendor\\illuminate\\container\\BoundMethod.php(36): App\\Http\\Controllers\\Contract\\acContractController->validateAcContract(Object(Laravel\\Lumen\\Http\\Request), '1')
#17 C:\\Users\\ASUS\\Desktop\\azur\\azur-BO\\vendor\\illuminate\\container\\Util.php(41): Illuminate\\Container\\BoundMethod::Illuminate\\Container\\{closure}()
#18 C:\\Users\\ASUS\\Desktop\\azur\\azur-BO\\vendor\\illuminate\\container\\BoundMethod.php(93): Illuminate\\Container\\Util::unwrapIfClosure(Object(Closure))
#19 C:\\Users\\ASUS\\Desktop\\azur\\azur-BO\\vendor\\illuminate\\container\\BoundMethod.php(37): Illuminate\\Container\\BoundMethod::callBoundMethod(Object(Laravel\\Lumen\\Application), Array, Object(Closure))
#20 C:\\Users\\ASUS\\Desktop\\azur\\azur-BO\\vendor\\illuminate\\container\\Container.php(662): Illuminate\\Container\\BoundMethod::call(Object(Laravel\\Lumen\\Application), Array, Array, NULL)
#21 C:\\Users\\ASUS\\Desktop\\azur\\azur-BO\\vendor\\laravel\\lumen-framework\\src\\Concerns\\RoutesRequests.php(391): Illuminate\\Container\\Container->call(Array, Array)
#22 C:\\Users\\ASUS\\Desktop\\azur\\azur-BO\\vendor\\laravel\\lumen-framework\\src\\Concerns\\RoutesRequests.php(357): Laravel\\Lumen\\Application->callControllerCallable(Array, Array)
#23 C:\\Users\\ASUS\\Desktop\\azur\\azur-BO\\vendor\\laravel\\lumen-framework\\src\\Concerns\\RoutesRequests.php(331): Laravel\\Lumen\\Application->callLumenController(Object(App\\Http\\Controllers\\Contract\\acContractController), 'validateAcContr...', Array)
#24 C:\\Users\\ASUS\\Desktop\\azur\\azur-BO\\vendor\\laravel\\lumen-framework\\src\\Concerns\\RoutesRequests.php(284): Laravel\\Lumen\\Application->callControllerAction(Array)
#25 C:\\Users\\ASUS\\Desktop\\azur\\azur-BO\\vendor\\laravel\\lumen-framework\\src\\Concerns\\RoutesRequests.php(264): Laravel\\Lumen\\Application->callActionOnArrayBasedRoute(Array)
#26 C:\\Users\\ASUS\\Desktop\\azur\\azur-BO\\vendor\\laravel\\lumen-framework\\src\\Routing\\Pipeline.php(48): Laravel\\Lumen\\Application->Laravel\\Lumen\\Concerns\\{closure}(Object(Laravel\\Lumen\\Http\\Request))
#27 C:\\Users\\ASUS\\Desktop\\azur\\azur-BO\\app\\Http\\Middleware\\Authenticate.php(42): Laravel\\Lumen\\Routing\\Pipeline->Laravel\\Lumen\\Routing\\{closure}(Object(Laravel\\Lumen\\Http\\Request))
#28 C:\\Users\\ASUS\\Desktop\\azur\\azur-BO\\vendor\\illuminate\\pipeline\\Pipeline.php(180): App\\Http\\Middleware\\Authenticate->handle(Object(Laravel\\Lumen\\Http\\Request), Object(Closure))
#29 C:\\Users\\ASUS\\Desktop\\azur\\azur-BO\\vendor\\laravel\\lumen-framework\\src\\Routing\\Pipeline.php(30): Illuminate\\Pipeline\\Pipeline->Illuminate\\Pipeline\\{closure}(Object(Laravel\\Lumen\\Http\\Request))
#30 C:\\Users\\ASUS\\Desktop\\azur\\azur-BO\\vendor\\illuminate\\pipeline\\Pipeline.php(116): Laravel\\Lumen\\Routing\\Pipeline->Laravel\\Lumen\\Routing\\{closure}(Object(Laravel\\Lumen\\Http\\Request))
#31 C:\\Users\\ASUS\\Desktop\\azur\\azur-BO\\vendor\\laravel\\lumen-framework\\src\\Concerns\\RoutesRequests.php(428): Illuminate\\Pipeline\\Pipeline->then(Object(Closure))
#32 C:\\Users\\ASUS\\Desktop\\azur\\azur-BO\\vendor\\laravel\\lumen-framework\\src\\Concerns\\RoutesRequests.php(265): Laravel\\Lumen\\Application->sendThroughPipeline(Array, Object(Closure))
#33 C:\\Users\\ASUS\\Desktop\\azur\\azur-BO\\vendor\\laravel\\lumen-framework\\src\\Concerns\\RoutesRequests.php(239): Laravel\\Lumen\\Application->handleFoundRoute(Array)
#34 C:\\Users\\ASUS\\Desktop\\azur\\azur-BO\\vendor\\laravel\\lumen-framework\\src\\Concerns\\RoutesRequests.php(175): Laravel\\Lumen\\Application->handleDispatcherResponse(Array)
#35 C:\\Users\\ASUS\\Desktop\\azur\\azur-BO\\vendor\\laravel\\lumen-framework\\src\\Routing\\Pipeline.php(48): Laravel\\Lumen\\Application->Laravel\\Lumen\\Concerns\\{closure}(Object(Laravel\\Lumen\\Http\\Request))
#36 C:\\Users\\ASUS\\Desktop\\azur\\azur-BO\\app\\Http\\Middleware\\CROS.php(31): Laravel\\Lumen\\Routing\\Pipeline->Laravel\\Lumen\\Routing\\{closure}(Object(Laravel\\Lumen\\Http\\Request))
#37 C:\\Users\\ASUS\\Desktop\\azur\\azur-BO\\vendor\\illuminate\\pipeline\\Pipeline.php(180): App\\Http\\Middleware\\CROS->handle(Object(Laravel\\Lumen\\Http\\Request), Object(Closure))
#38 C:\\Users\\ASUS\\Desktop\\azur\\azur-BO\\vendor\\laravel\\lumen-framework\\src\\Routing\\Pipeline.php(30): Illuminate\\Pipeline\\Pipeline->Illuminate\\Pipeline\\{closure}(Object(Laravel\\Lumen\\Http\\Request))
#39 C:\\Users\\ASUS\\Desktop\\azur\\azur-BO\\vendor\\illuminate\\pipeline\\Pipeline.php(116): Laravel\\Lumen\\Routing\\Pipeline->Laravel\\Lumen\\Routing\\{closure}(Object(Laravel\\Lumen\\Http\\Request))
#40 C:\\Users\\ASUS\\Desktop\\azur\\azur-BO\\vendor\\laravel\\lumen-framework\\src\\Concerns\\RoutesRequests.php(428): Illuminate\\Pipeline\\Pipeline->then(Object(Closure))
#41 C:\\Users\\ASUS\\Desktop\\azur\\azur-BO\\vendor\\laravel\\lumen-framework\\src\\Concerns\\RoutesRequests.php(177): Laravel\\Lumen\\Application->sendThroughPipeline(Array, Object(Closure))
#42 C:\\Users\\ASUS\\Desktop\\azur\\azur-BO\\vendor\\laravel\\lumen-framework\\src\\Concerns\\RoutesRequests.php(112): Laravel\\Lumen\\Application->dispatch(NULL)
#43 C:\\Users\\ASUS\\Desktop\\azur\\azur-BO\\public\\index.php(28): Laravel\\Lumen\\Application->run()
#44 {main}
"} 
[2023-04-05 13:25:26] local.ERROR: Please provide a valid cache path. {"exception":"[object] (InvalidArgumentException(code: 0): Please provide a valid cache path. at C:\\Users\\ASUS\\Desktop\\azur\\azur-BO\\vendor\\illuminate\\view\\Compilers\\Compiler.php:66)
[stacktrace]
#0 C:\\Users\\ASUS\\Desktop\\azur\\azur-BO\\vendor\\illuminate\\view\\ViewServiceProvider.php(101): Illuminate\\View\\Compilers\\Compiler->__construct(Object(Illuminate\\Filesystem\\Filesystem), false, '', true, 'php')
#1 C:\\Users\\ASUS\\Desktop\\azur\\azur-BO\\vendor\\illuminate\\container\\Container.php(910): Illuminate\\View\\ViewServiceProvider->Illuminate\\View\\{closure}(Object(Laravel\\Lumen\\Application), Array)
#2 C:\\Users\\ASUS\\Desktop\\azur\\azur-BO\\vendor\\illuminate\\container\\Container.php(795): Illuminate\\Container\\Container->build(Object(Closure))
#3 C:\\Users\\ASUS\\Desktop\\azur\\azur-BO\\vendor\\illuminate\\container\\Container.php(731): Illuminate\\Container\\Container->resolve('blade.compiler', Array)
#4 C:\\Users\\ASUS\\Desktop\\azur\\azur-BO\\vendor\\laravel\\lumen-framework\\src\\Application.php(327): Illuminate\\Container\\Container->make('blade.compiler', Array)
#5 C:\\Users\\ASUS\\Desktop\\azur\\azur-BO\\vendor\\illuminate\\container\\Container.php(1456): Laravel\\Lumen\\Application->make('blade.compiler')
#6 C:\\Users\\ASUS\\Desktop\\azur\\azur-BO\\vendor\\illuminate\\view\\ViewServiceProvider.php(164): Illuminate\\Container\\Container->offsetGet('blade.compiler')
#7 [internal function]: Illuminate\\View\\ViewServiceProvider->Illuminate\\View\\{closure}()
#8 C:\\Users\\ASUS\\Desktop\\azur\\azur-BO\\vendor\\illuminate\\view\\Engines\\EngineResolver.php(55): call_user_func(Object(Closure))
#9 C:\\Users\\ASUS\\Desktop\\azur\\azur-BO\\vendor\\illuminate\\view\\Factory.php(310): Illuminate\\View\\Engines\\EngineResolver->resolve('blade')
#10 C:\\Users\\ASUS\\Desktop\\azur\\azur-BO\\vendor\\illuminate\\view\\Factory.php(274): Illuminate\\View\\Factory->getEngineFromPath('C:\\\\Users\\\\ASUS\\\\D...')
#11 C:\\Users\\ASUS\\Desktop\\azur\\azur-BO\\vendor\\illuminate\\view\\Factory.php(146): Illuminate\\View\\Factory->viewInstance('AcContract.ac-c...', 'C:\\\\Users\\\\ASUS\\\\D...', Array)
#12 C:\\Users\\ASUS\\Desktop\\azur\\azur-BO\\vendor\\barryvdh\\laravel-dompdf\\src\\PDF.php(125): Illuminate\\View\\Factory->make('AcContract.ac-c...', Array, Array)
#13 C:\\Users\\ASUS\\Desktop\\azur\\azur-BO\\vendor\\barryvdh\\laravel-dompdf\\src\\Facade\\Pdf.php(56): Barryvdh\\DomPDF\\PDF->loadView('AcContract/ac-c...', Array)
#14 C:\\Users\\ASUS\\Desktop\\azur\\azur-BO\\app\\Http\\Controllers\\Contract\\acContractController.php(66): Barryvdh\\DomPDF\\Facade\\Pdf::__callStatic('loadView', Array)
#15 C:\\Users\\ASUS\\Desktop\\azur\\azur-BO\\app\\Http\\Controllers\\Contract\\acContractController.php(41): App\\Http\\Controllers\\Contract\\acContractController->generateContractPdf(Object(App\\Models\\acContract), 'fr')
#16 C:\\Users\\ASUS\\Desktop\\azur\\azur-BO\\vendor\\illuminate\\container\\BoundMethod.php(36): App\\Http\\Controllers\\Contract\\acContractController->validateAcContract(Object(Laravel\\Lumen\\Http\\Request), '1')
#17 C:\\Users\\ASUS\\Desktop\\azur\\azur-BO\\vendor\\illuminate\\container\\Util.php(41): Illuminate\\Container\\BoundMethod::Illuminate\\Container\\{closure}()
#18 C:\\Users\\ASUS\\Desktop\\azur\\azur-BO\\vendor\\illuminate\\container\\BoundMethod.php(93): Illuminate\\Container\\Util::unwrapIfClosure(Object(Closure))
#19 C:\\Users\\ASUS\\Desktop\\azur\\azur-BO\\vendor\\illuminate\\container\\BoundMethod.php(37): Illuminate\\Container\\BoundMethod::callBoundMethod(Object(Laravel\\Lumen\\Application), Array, Object(Closure))
#20 C:\\Users\\ASUS\\Desktop\\azur\\azur-BO\\vendor\\illuminate\\container\\Container.php(662): Illuminate\\Container\\BoundMethod::call(Object(Laravel\\Lumen\\Application), Array, Array, NULL)
#21 C:\\Users\\ASUS\\Desktop\\azur\\azur-BO\\vendor\\laravel\\lumen-framework\\src\\Concerns\\RoutesRequests.php(391): Illuminate\\Container\\Container->call(Array, Array)
#22 C:\\Users\\ASUS\\Desktop\\azur\\azur-BO\\vendor\\laravel\\lumen-framework\\src\\Concerns\\RoutesRequests.php(357): Laravel\\Lumen\\Application->callControllerCallable(Array, Array)
#23 C:\\Users\\ASUS\\Desktop\\azur\\azur-BO\\vendor\\laravel\\lumen-framework\\src\\Concerns\\RoutesRequests.php(331): Laravel\\Lumen\\Application->callLumenController(Object(App\\Http\\Controllers\\Contract\\acContractController), 'validateAcContr...', Array)
#24 C:\\Users\\ASUS\\Desktop\\azur\\azur-BO\\vendor\\laravel\\lumen-framework\\src\\Concerns\\RoutesRequests.php(284): Laravel\\Lumen\\Application->callControllerAction(Array)
#25 C:\\Users\\ASUS\\Desktop\\azur\\azur-BO\\vendor\\laravel\\lumen-framework\\src\\Concerns\\RoutesRequests.php(264): Laravel\\Lumen\\Application->callActionOnArrayBasedRoute(Array)
#26 C:\\Users\\ASUS\\Desktop\\azur\\azur-BO\\vendor\\laravel\\lumen-framework\\src\\Routing\\Pipeline.php(48): Laravel\\Lumen\\Application->Laravel\\Lumen\\Concerns\\{closure}(Object(Laravel\\Lumen\\Http\\Request))
#27 C:\\Users\\ASUS\\Desktop\\azur\\azur-BO\\app\\Http\\Middleware\\Authenticate.php(42): Laravel\\Lumen\\Routing\\Pipeline->Laravel\\Lumen\\Routing\\{closure}(Object(Laravel\\Lumen\\Http\\Request))
#28 C:\\Users\\ASUS\\Desktop\\azur\\azur-BO\\vendor\\illuminate\\pipeline\\Pipeline.php(180): App\\Http\\Middleware\\Authenticate->handle(Object(Laravel\\Lumen\\Http\\Request), Object(Closure))
#29 C:\\Users\\ASUS\\Desktop\\azur\\azur-BO\\vendor\\laravel\\lumen-framework\\src\\Routing\\Pipeline.php(30): Illuminate\\Pipeline\\Pipeline->Illuminate\\Pipeline\\{closure}(Object(Laravel\\Lumen\\Http\\Request))
#30 C:\\Users\\ASUS\\Desktop\\azur\\azur-BO\\vendor\\illuminate\\pipeline\\Pipeline.php(116): Laravel\\Lumen\\Routing\\Pipeline->Laravel\\Lumen\\Routing\\{closure}(Object(Laravel\\Lumen\\Http\\Request))
#31 C:\\Users\\ASUS\\Desktop\\azur\\azur-BO\\vendor\\laravel\\lumen-framework\\src\\Concerns\\RoutesRequests.php(428): Illuminate\\Pipeline\\Pipeline->then(Object(Closure))
#32 C:\\Users\\ASUS\\Desktop\\azur\\azur-BO\\vendor\\laravel\\lumen-framework\\src\\Concerns\\RoutesRequests.php(265): Laravel\\Lumen\\Application->sendThroughPipeline(Array, Object(Closure))
#33 C:\\Users\\ASUS\\Desktop\\azur\\azur-BO\\vendor\\laravel\\lumen-framework\\src\\Concerns\\RoutesRequests.php(239): Laravel\\Lumen\\Application->handleFoundRoute(Array)
#34 C:\\Users\\ASUS\\Desktop\\azur\\azur-BO\\vendor\\laravel\\lumen-framework\\src\\Concerns\\RoutesRequests.php(175): Laravel\\Lumen\\Application->handleDispatcherResponse(Array)
#35 C:\\Users\\ASUS\\Desktop\\azur\\azur-BO\\vendor\\laravel\\lumen-framework\\src\\Routing\\Pipeline.php(48): Laravel\\Lumen\\Application->Laravel\\Lumen\\Concerns\\{closure}(Object(Laravel\\Lumen\\Http\\Request))
#36 C:\\Users\\ASUS\\Desktop\\azur\\azur-BO\\app\\Http\\Middleware\\CROS.php(31): Laravel\\Lumen\\Routing\\Pipeline->Laravel\\Lumen\\Routing\\{closure}(Object(Laravel\\Lumen\\Http\\Request))
#37 C:\\Users\\ASUS\\Desktop\\azur\\azur-BO\\vendor\\illuminate\\pipeline\\Pipeline.php(180): App\\Http\\Middleware\\CROS->handle(Object(Laravel\\Lumen\\Http\\Request), Object(Closure))
#38 C:\\Users\\ASUS\\Desktop\\azur\\azur-BO\\vendor\\laravel\\lumen-framework\\src\\Routing\\Pipeline.php(30): Illuminate\\Pipeline\\Pipeline->Illuminate\\Pipeline\\{closure}(Object(Laravel\\Lumen\\Http\\Request))
#39 C:\\Users\\ASUS\\Desktop\\azur\\azur-BO\\vendor\\illuminate\\pipeline\\Pipeline.php(116): Laravel\\Lumen\\Routing\\Pipeline->Laravel\\Lumen\\Routing\\{closure}(Object(Laravel\\Lumen\\Http\\Request))
#40 C:\\Users\\ASUS\\Desktop\\azur\\azur-BO\\vendor\\laravel\\lumen-framework\\src\\Concerns\\RoutesRequests.php(428): Illuminate\\Pipeline\\Pipeline->then(Object(Closure))
#41 C:\\Users\\ASUS\\Desktop\\azur\\azur-BO\\vendor\\laravel\\lumen-framework\\src\\Concerns\\RoutesRequests.php(177): Laravel\\Lumen\\Application->sendThroughPipeline(Array, Object(Closure))
#42 C:\\Users\\ASUS\\Desktop\\azur\\azur-BO\\vendor\\laravel\\lumen-framework\\src\\Concerns\\RoutesRequests.php(112): Laravel\\Lumen\\Application->dispatch(NULL)
#43 C:\\Users\\ASUS\\Desktop\\azur\\azur-BO\\public\\index.php(28): Laravel\\Lumen\\Application->run()
#44 {main}
"} 
[2023-04-05 13:25:59] local.ERROR: Please provide a valid cache path. {"exception":"[object] (InvalidArgumentException(code: 0): Please provide a valid cache path. at C:\\Users\\ASUS\\Desktop\\azur\\azur-BO\\vendor\\illuminate\\view\\Compilers\\Compiler.php:66)
[stacktrace]
#0 C:\\Users\\ASUS\\Desktop\\azur\\azur-BO\\vendor\\illuminate\\view\\ViewServiceProvider.php(101): Illuminate\\View\\Compilers\\Compiler->__construct(Object(Illuminate\\Filesystem\\Filesystem), false, '', true, 'php')
#1 C:\\Users\\ASUS\\Desktop\\azur\\azur-BO\\vendor\\illuminate\\container\\Container.php(910): Illuminate\\View\\ViewServiceProvider->Illuminate\\View\\{closure}(Object(Laravel\\Lumen\\Application), Array)
#2 C:\\Users\\ASUS\\Desktop\\azur\\azur-BO\\vendor\\illuminate\\container\\Container.php(795): Illuminate\\Container\\Container->build(Object(Closure))
#3 C:\\Users\\ASUS\\Desktop\\azur\\azur-BO\\vendor\\illuminate\\container\\Container.php(731): Illuminate\\Container\\Container->resolve('blade.compiler', Array)
#4 C:\\Users\\ASUS\\Desktop\\azur\\azur-BO\\vendor\\laravel\\lumen-framework\\src\\Application.php(327): Illuminate\\Container\\Container->make('blade.compiler', Array)
#5 C:\\Users\\ASUS\\Desktop\\azur\\azur-BO\\vendor\\illuminate\\container\\Container.php(1456): Laravel\\Lumen\\Application->make('blade.compiler')
#6 C:\\Users\\ASUS\\Desktop\\azur\\azur-BO\\vendor\\illuminate\\view\\ViewServiceProvider.php(164): Illuminate\\Container\\Container->offsetGet('blade.compiler')
#7 [internal function]: Illuminate\\View\\ViewServiceProvider->Illuminate\\View\\{closure}()
#8 C:\\Users\\ASUS\\Desktop\\azur\\azur-BO\\vendor\\illuminate\\view\\Engines\\EngineResolver.php(55): call_user_func(Object(Closure))
#9 C:\\Users\\ASUS\\Desktop\\azur\\azur-BO\\vendor\\illuminate\\view\\Factory.php(310): Illuminate\\View\\Engines\\EngineResolver->resolve('blade')
#10 C:\\Users\\ASUS\\Desktop\\azur\\azur-BO\\vendor\\illuminate\\view\\Factory.php(274): Illuminate\\View\\Factory->getEngineFromPath('C:\\\\Users\\\\ASUS\\\\D...')
#11 C:\\Users\\ASUS\\Desktop\\azur\\azur-BO\\vendor\\illuminate\\view\\Factory.php(146): Illuminate\\View\\Factory->viewInstance('AcContract.ac-c...', 'C:\\\\Users\\\\ASUS\\\\D...', Array)
#12 C:\\Users\\ASUS\\Desktop\\azur\\azur-BO\\vendor\\barryvdh\\laravel-dompdf\\src\\PDF.php(125): Illuminate\\View\\Factory->make('AcContract.ac-c...', Array, Array)
#13 C:\\Users\\ASUS\\Desktop\\azur\\azur-BO\\vendor\\barryvdh\\laravel-dompdf\\src\\Facade\\Pdf.php(56): Barryvdh\\DomPDF\\PDF->loadView('AcContract/ac-c...', Array)
#14 C:\\Users\\ASUS\\Desktop\\azur\\azur-BO\\app\\Http\\Controllers\\Contract\\acContractController.php(66): Barryvdh\\DomPDF\\Facade\\Pdf::__callStatic('loadView', Array)
#15 C:\\Users\\ASUS\\Desktop\\azur\\azur-BO\\app\\Http\\Controllers\\Contract\\acContractController.php(41): App\\Http\\Controllers\\Contract\\acContractController->generateContractPdf(Object(App\\Models\\acContract), 'fr')
#16 C:\\Users\\ASUS\\Desktop\\azur\\azur-BO\\vendor\\illuminate\\container\\BoundMethod.php(36): App\\Http\\Controllers\\Contract\\acContractController->validateAcContract(Object(Laravel\\Lumen\\Http\\Request), '1')
#17 C:\\Users\\ASUS\\Desktop\\azur\\azur-BO\\vendor\\illuminate\\container\\Util.php(41): Illuminate\\Container\\BoundMethod::Illuminate\\Container\\{closure}()
#18 C:\\Users\\ASUS\\Desktop\\azur\\azur-BO\\vendor\\illuminate\\container\\BoundMethod.php(93): Illuminate\\Container\\Util::unwrapIfClosure(Object(Closure))
#19 C:\\Users\\ASUS\\Desktop\\azur\\azur-BO\\vendor\\illuminate\\container\\BoundMethod.php(37): Illuminate\\Container\\BoundMethod::callBoundMethod(Object(Laravel\\Lumen\\Application), Array, Object(Closure))
#20 C:\\Users\\ASUS\\Desktop\\azur\\azur-BO\\vendor\\illuminate\\container\\Container.php(662): Illuminate\\Container\\BoundMethod::call(Object(Laravel\\Lumen\\Application), Array, Array, NULL)
#21 C:\\Users\\ASUS\\Desktop\\azur\\azur-BO\\vendor\\laravel\\lumen-framework\\src\\Concerns\\RoutesRequests.php(391): Illuminate\\Container\\Container->call(Array, Array)
#22 C:\\Users\\ASUS\\Desktop\\azur\\azur-BO\\vendor\\laravel\\lumen-framework\\src\\Concerns\\RoutesRequests.php(357): Laravel\\Lumen\\Application->callControllerCallable(Array, Array)
#23 C:\\Users\\ASUS\\Desktop\\azur\\azur-BO\\vendor\\laravel\\lumen-framework\\src\\Concerns\\RoutesRequests.php(331): Laravel\\Lumen\\Application->callLumenController(Object(App\\Http\\Controllers\\Contract\\acContractController), 'validateAcContr...', Array)
#24 C:\\Users\\ASUS\\Desktop\\azur\\azur-BO\\vendor\\laravel\\lumen-framework\\src\\Concerns\\RoutesRequests.php(284): Laravel\\Lumen\\Application->callControllerAction(Array)
#25 C:\\Users\\ASUS\\Desktop\\azur\\azur-BO\\vendor\\laravel\\lumen-framework\\src\\Concerns\\RoutesRequests.php(264): Laravel\\Lumen\\Application->callActionOnArrayBasedRoute(Array)
#26 C:\\Users\\ASUS\\Desktop\\azur\\azur-BO\\vendor\\laravel\\lumen-framework\\src\\Routing\\Pipeline.php(48): Laravel\\Lumen\\Application->Laravel\\Lumen\\Concerns\\{closure}(Object(Laravel\\Lumen\\Http\\Request))
#27 C:\\Users\\ASUS\\Desktop\\azur\\azur-BO\\app\\Http\\Middleware\\Authenticate.php(42): Laravel\\Lumen\\Routing\\Pipeline->Laravel\\Lumen\\Routing\\{closure}(Object(Laravel\\Lumen\\Http\\Request))
#28 C:\\Users\\ASUS\\Desktop\\azur\\azur-BO\\vendor\\illuminate\\pipeline\\Pipeline.php(180): App\\Http\\Middleware\\Authenticate->handle(Object(Laravel\\Lumen\\Http\\Request), Object(Closure))
#29 C:\\Users\\ASUS\\Desktop\\azur\\azur-BO\\vendor\\laravel\\lumen-framework\\src\\Routing\\Pipeline.php(30): Illuminate\\Pipeline\\Pipeline->Illuminate\\Pipeline\\{closure}(Object(Laravel\\Lumen\\Http\\Request))
#30 C:\\Users\\ASUS\\Desktop\\azur\\azur-BO\\vendor\\illuminate\\pipeline\\Pipeline.php(116): Laravel\\Lumen\\Routing\\Pipeline->Laravel\\Lumen\\Routing\\{closure}(Object(Laravel\\Lumen\\Http\\Request))
#31 C:\\Users\\ASUS\\Desktop\\azur\\azur-BO\\vendor\\laravel\\lumen-framework\\src\\Concerns\\RoutesRequests.php(428): Illuminate\\Pipeline\\Pipeline->then(Object(Closure))
#32 C:\\Users\\ASUS\\Desktop\\azur\\azur-BO\\vendor\\laravel\\lumen-framework\\src\\Concerns\\RoutesRequests.php(265): Laravel\\Lumen\\Application->sendThroughPipeline(Array, Object(Closure))
#33 C:\\Users\\ASUS\\Desktop\\azur\\azur-BO\\vendor\\laravel\\lumen-framework\\src\\Concerns\\RoutesRequests.php(239): Laravel\\Lumen\\Application->handleFoundRoute(Array)
#34 C:\\Users\\ASUS\\Desktop\\azur\\azur-BO\\vendor\\laravel\\lumen-framework\\src\\Concerns\\RoutesRequests.php(175): Laravel\\Lumen\\Application->handleDispatcherResponse(Array)
#35 C:\\Users\\ASUS\\Desktop\\azur\\azur-BO\\vendor\\laravel\\lumen-framework\\src\\Routing\\Pipeline.php(48): Laravel\\Lumen\\Application->Laravel\\Lumen\\Concerns\\{closure}(Object(Laravel\\Lumen\\Http\\Request))
#36 C:\\Users\\ASUS\\Desktop\\azur\\azur-BO\\app\\Http\\Middleware\\CROS.php(31): Laravel\\Lumen\\Routing\\Pipeline->Laravel\\Lumen\\Routing\\{closure}(Object(Laravel\\Lumen\\Http\\Request))
#37 C:\\Users\\ASUS\\Desktop\\azur\\azur-BO\\vendor\\illuminate\\pipeline\\Pipeline.php(180): App\\Http\\Middleware\\CROS->handle(Object(Laravel\\Lumen\\Http\\Request), Object(Closure))
#38 C:\\Users\\ASUS\\Desktop\\azur\\azur-BO\\vendor\\laravel\\lumen-framework\\src\\Routing\\Pipeline.php(30): Illuminate\\Pipeline\\Pipeline->Illuminate\\Pipeline\\{closure}(Object(Laravel\\Lumen\\Http\\Request))
#39 C:\\Users\\ASUS\\Desktop\\azur\\azur-BO\\vendor\\illuminate\\pipeline\\Pipeline.php(116): Laravel\\Lumen\\Routing\\Pipeline->Laravel\\Lumen\\Routing\\{closure}(Object(Laravel\\Lumen\\Http\\Request))
#40 C:\\Users\\ASUS\\Desktop\\azur\\azur-BO\\vendor\\laravel\\lumen-framework\\src\\Concerns\\RoutesRequests.php(428): Illuminate\\Pipeline\\Pipeline->then(Object(Closure))
#41 C:\\Users\\ASUS\\Desktop\\azur\\azur-BO\\vendor\\laravel\\lumen-framework\\src\\Concerns\\RoutesRequests.php(177): Laravel\\Lumen\\Application->sendThroughPipeline(Array, Object(Closure))
#42 C:\\Users\\ASUS\\Desktop\\azur\\azur-BO\\vendor\\laravel\\lumen-framework\\src\\Concerns\\RoutesRequests.php(112): Laravel\\Lumen\\Application->dispatch(NULL)
#43 C:\\Users\\ASUS\\Desktop\\azur\\azur-BO\\public\\index.php(28): Laravel\\Lumen\\Application->run()
#44 {main}
"} 
[2023-04-05 13:27:24] local.ERROR: Please provide a valid cache path. {"exception":"[object] (InvalidArgumentException(code: 0): Please provide a valid cache path. at C:\\Users\\ASUS\\Desktop\\azur\\azur-BO\\vendor\\illuminate\\view\\Compilers\\Compiler.php:66)
[stacktrace]
#0 C:\\Users\\ASUS\\Desktop\\azur\\azur-BO\\vendor\\illuminate\\view\\ViewServiceProvider.php(101): Illuminate\\View\\Compilers\\Compiler->__construct(Object(Illuminate\\Filesystem\\Filesystem), false, '', true, 'php')
#1 C:\\Users\\ASUS\\Desktop\\azur\\azur-BO\\vendor\\illuminate\\container\\Container.php(910): Illuminate\\View\\ViewServiceProvider->Illuminate\\View\\{closure}(Object(Laravel\\Lumen\\Application), Array)
#2 C:\\Users\\ASUS\\Desktop\\azur\\azur-BO\\vendor\\illuminate\\container\\Container.php(795): Illuminate\\Container\\Container->build(Object(Closure))
#3 C:\\Users\\ASUS\\Desktop\\azur\\azur-BO\\vendor\\illuminate\\container\\Container.php(731): Illuminate\\Container\\Container->resolve('blade.compiler', Array)
#4 C:\\Users\\ASUS\\Desktop\\azur\\azur-BO\\vendor\\laravel\\lumen-framework\\src\\Application.php(327): Illuminate\\Container\\Container->make('blade.compiler', Array)
#5 C:\\Users\\ASUS\\Desktop\\azur\\azur-BO\\vendor\\illuminate\\container\\Container.php(1456): Laravel\\Lumen\\Application->make('blade.compiler')
#6 C:\\Users\\ASUS\\Desktop\\azur\\azur-BO\\vendor\\illuminate\\view\\ViewServiceProvider.php(164): Illuminate\\Container\\Container->offsetGet('blade.compiler')
#7 [internal function]: Illuminate\\View\\ViewServiceProvider->Illuminate\\View\\{closure}()
#8 C:\\Users\\ASUS\\Desktop\\azur\\azur-BO\\vendor\\illuminate\\view\\Engines\\EngineResolver.php(55): call_user_func(Object(Closure))
#9 C:\\Users\\ASUS\\Desktop\\azur\\azur-BO\\vendor\\illuminate\\view\\Factory.php(310): Illuminate\\View\\Engines\\EngineResolver->resolve('blade')
#10 C:\\Users\\ASUS\\Desktop\\azur\\azur-BO\\vendor\\illuminate\\view\\Factory.php(274): Illuminate\\View\\Factory->getEngineFromPath('C:\\\\Users\\\\ASUS\\\\D...')
#11 C:\\Users\\ASUS\\Desktop\\azur\\azur-BO\\vendor\\illuminate\\view\\Factory.php(146): Illuminate\\View\\Factory->viewInstance('AcContract.ac-c...', 'C:\\\\Users\\\\ASUS\\\\D...', Array)
#12 C:\\Users\\ASUS\\Desktop\\azur\\azur-BO\\vendor\\barryvdh\\laravel-dompdf\\src\\PDF.php(125): Illuminate\\View\\Factory->make('AcContract.ac-c...', Array, Array)
#13 C:\\Users\\ASUS\\Desktop\\azur\\azur-BO\\vendor\\barryvdh\\laravel-dompdf\\src\\Facade\\Pdf.php(56): Barryvdh\\DomPDF\\PDF->loadView('AcContract/ac-c...', Array)
#14 C:\\Users\\ASUS\\Desktop\\azur\\azur-BO\\app\\Http\\Controllers\\Contract\\acContractController.php(66): Barryvdh\\DomPDF\\Facade\\Pdf::__callStatic('loadView', Array)
#15 C:\\Users\\ASUS\\Desktop\\azur\\azur-BO\\app\\Http\\Controllers\\Contract\\acContractController.php(41): App\\Http\\Controllers\\Contract\\acContractController->generateContractPdf(Object(App\\Models\\acContract), 'fr')
#16 C:\\Users\\ASUS\\Desktop\\azur\\azur-BO\\vendor\\illuminate\\container\\BoundMethod.php(36): App\\Http\\Controllers\\Contract\\acContractController->validateAcContract(Object(Laravel\\Lumen\\Http\\Request), '1')
#17 C:\\Users\\ASUS\\Desktop\\azur\\azur-BO\\vendor\\illuminate\\container\\Util.php(41): Illuminate\\Container\\BoundMethod::Illuminate\\Container\\{closure}()
#18 C:\\Users\\ASUS\\Desktop\\azur\\azur-BO\\vendor\\illuminate\\container\\BoundMethod.php(93): Illuminate\\Container\\Util::unwrapIfClosure(Object(Closure))
#19 C:\\Users\\ASUS\\Desktop\\azur\\azur-BO\\vendor\\illuminate\\container\\BoundMethod.php(37): Illuminate\\Container\\BoundMethod::callBoundMethod(Object(Laravel\\Lumen\\Application), Array, Object(Closure))
#20 C:\\Users\\ASUS\\Desktop\\azur\\azur-BO\\vendor\\illuminate\\container\\Container.php(662): Illuminate\\Container\\BoundMethod::call(Object(Laravel\\Lumen\\Application), Array, Array, NULL)
#21 C:\\Users\\ASUS\\Desktop\\azur\\azur-BO\\vendor\\laravel\\lumen-framework\\src\\Concerns\\RoutesRequests.php(391): Illuminate\\Container\\Container->call(Array, Array)
#22 C:\\Users\\ASUS\\Desktop\\azur\\azur-BO\\vendor\\laravel\\lumen-framework\\src\\Concerns\\RoutesRequests.php(357): Laravel\\Lumen\\Application->callControllerCallable(Array, Array)
#23 C:\\Users\\ASUS\\Desktop\\azur\\azur-BO\\vendor\\laravel\\lumen-framework\\src\\Concerns\\RoutesRequests.php(331): Laravel\\Lumen\\Application->callLumenController(Object(App\\Http\\Controllers\\Contract\\acContractController), 'validateAcContr...', Array)
#24 C:\\Users\\ASUS\\Desktop\\azur\\azur-BO\\vendor\\laravel\\lumen-framework\\src\\Concerns\\RoutesRequests.php(284): Laravel\\Lumen\\Application->callControllerAction(Array)
#25 C:\\Users\\ASUS\\Desktop\\azur\\azur-BO\\vendor\\laravel\\lumen-framework\\src\\Concerns\\RoutesRequests.php(264): Laravel\\Lumen\\Application->callActionOnArrayBasedRoute(Array)
#26 C:\\Users\\ASUS\\Desktop\\azur\\azur-BO\\vendor\\laravel\\lumen-framework\\src\\Routing\\Pipeline.php(48): Laravel\\Lumen\\Application->Laravel\\Lumen\\Concerns\\{closure}(Object(Laravel\\Lumen\\Http\\Request))
#27 C:\\Users\\ASUS\\Desktop\\azur\\azur-BO\\app\\Http\\Middleware\\Authenticate.php(42): Laravel\\Lumen\\Routing\\Pipeline->Laravel\\Lumen\\Routing\\{closure}(Object(Laravel\\Lumen\\Http\\Request))
#28 C:\\Users\\ASUS\\Desktop\\azur\\azur-BO\\vendor\\illuminate\\pipeline\\Pipeline.php(180): App\\Http\\Middleware\\Authenticate->handle(Object(Laravel\\Lumen\\Http\\Request), Object(Closure))
#29 C:\\Users\\ASUS\\Desktop\\azur\\azur-BO\\vendor\\laravel\\lumen-framework\\src\\Routing\\Pipeline.php(30): Illuminate\\Pipeline\\Pipeline->Illuminate\\Pipeline\\{closure}(Object(Laravel\\Lumen\\Http\\Request))
#30 C:\\Users\\ASUS\\Desktop\\azur\\azur-BO\\vendor\\illuminate\\pipeline\\Pipeline.php(116): Laravel\\Lumen\\Routing\\Pipeline->Laravel\\Lumen\\Routing\\{closure}(Object(Laravel\\Lumen\\Http\\Request))
#31 C:\\Users\\ASUS\\Desktop\\azur\\azur-BO\\vendor\\laravel\\lumen-framework\\src\\Concerns\\RoutesRequests.php(428): Illuminate\\Pipeline\\Pipeline->then(Object(Closure))
#32 C:\\Users\\ASUS\\Desktop\\azur\\azur-BO\\vendor\\laravel\\lumen-framework\\src\\Concerns\\RoutesRequests.php(265): Laravel\\Lumen\\Application->sendThroughPipeline(Array, Object(Closure))
#33 C:\\Users\\ASUS\\Desktop\\azur\\azur-BO\\vendor\\laravel\\lumen-framework\\src\\Concerns\\RoutesRequests.php(239): Laravel\\Lumen\\Application->handleFoundRoute(Array)
#34 C:\\Users\\ASUS\\Desktop\\azur\\azur-BO\\vendor\\laravel\\lumen-framework\\src\\Concerns\\RoutesRequests.php(175): Laravel\\Lumen\\Application->handleDispatcherResponse(Array)
#35 C:\\Users\\ASUS\\Desktop\\azur\\azur-BO\\vendor\\laravel\\lumen-framework\\src\\Routing\\Pipeline.php(48): Laravel\\Lumen\\Application->Laravel\\Lumen\\Concerns\\{closure}(Object(Laravel\\Lumen\\Http\\Request))
#36 C:\\Users\\ASUS\\Desktop\\azur\\azur-BO\\app\\Http\\Middleware\\CROS.php(31): Laravel\\Lumen\\Routing\\Pipeline->Laravel\\Lumen\\Routing\\{closure}(Object(Laravel\\Lumen\\Http\\Request))
#37 C:\\Users\\ASUS\\Desktop\\azur\\azur-BO\\vendor\\illuminate\\pipeline\\Pipeline.php(180): App\\Http\\Middleware\\CROS->handle(Object(Laravel\\Lumen\\Http\\Request), Object(Closure))
#38 C:\\Users\\ASUS\\Desktop\\azur\\azur-BO\\vendor\\laravel\\lumen-framework\\src\\Routing\\Pipeline.php(30): Illuminate\\Pipeline\\Pipeline->Illuminate\\Pipeline\\{closure}(Object(Laravel\\Lumen\\Http\\Request))
#39 C:\\Users\\ASUS\\Desktop\\azur\\azur-BO\\vendor\\illuminate\\pipeline\\Pipeline.php(116): Laravel\\Lumen\\Routing\\Pipeline->Laravel\\Lumen\\Routing\\{closure}(Object(Laravel\\Lumen\\Http\\Request))
#40 C:\\Users\\ASUS\\Desktop\\azur\\azur-BO\\vendor\\laravel\\lumen-framework\\src\\Concerns\\RoutesRequests.php(428): Illuminate\\Pipeline\\Pipeline->then(Object(Closure))
#41 C:\\Users\\ASUS\\Desktop\\azur\\azur-BO\\vendor\\laravel\\lumen-framework\\src\\Concerns\\RoutesRequests.php(177): Laravel\\Lumen\\Application->sendThroughPipeline(Array, Object(Closure))
#42 C:\\Users\\ASUS\\Desktop\\azur\\azur-BO\\vendor\\laravel\\lumen-framework\\src\\Concerns\\RoutesRequests.php(112): Laravel\\Lumen\\Application->dispatch(NULL)
#43 C:\\Users\\ASUS\\Desktop\\azur\\azur-BO\\public\\index.php(28): Laravel\\Lumen\\Application->run()
#44 {main}
"} 
